2023-04-17 09:23:18,490 INFO org.hibernate.validator.internal.util.Version [background-preinit] HV000001: Hibernate Validator 6.2.5.Final
2023-04-17 09:23:18,496 INFO org.springframework.boot.StartupInfoLogger [restartedMain] Starting HospitalApplication using Java 17.0.4.1 on DESKTOP-3U6BKIP with PID 9704 (C:\Users\admin\Documents\workspace-spring-tool-suite-4-4.16.1.RELEASE\hospital\target\classes started by admin in C:\Users\admin\Documents\workspace-spring-tool-suite-4-4.16.1.RELEASE\hospital)
2023-04-17 09:23:18,499 INFO org.springframework.boot.SpringApplication [restartedMain] No active profile set, falling back to 1 default profile: "default"
2023-04-17 09:23:18,711 INFO org.springframework.boot.logging.DeferredLog [restartedMain] Devtools property defaults active! Set 'spring.devtools.add-properties' to 'false' to disable
2023-04-17 09:23:18,712 INFO org.springframework.boot.logging.DeferredLog [restartedMain] For additional web related logging consider setting the 'logging.level.web' property to 'DEBUG'
2023-04-17 09:23:21,623 INFO org.springframework.data.repository.config.RepositoryConfigurationDelegate [restartedMain] Bootstrapping Spring Data JPA repositories in DEFAULT mode.
2023-04-17 09:23:21,862 INFO org.springframework.data.repository.config.RepositoryConfigurationDelegate [restartedMain] Finished Spring Data repository scanning in 217 ms. Found 11 JPA repository interfaces.
2023-04-17 09:23:23,228 INFO org.springframework.boot.web.embedded.tomcat.TomcatWebServer [restartedMain] Tomcat initialized with port(s): 8080 (http)
2023-04-17 09:23:23,248 INFO org.apache.juli.logging.DirectJDKLog [restartedMain] Initializing ProtocolHandler ["http-nio-8080"]
2023-04-17 09:23:23,251 INFO org.apache.juli.logging.DirectJDKLog [restartedMain] Starting service [Tomcat]
2023-04-17 09:23:23,253 INFO org.apache.juli.logging.DirectJDKLog [restartedMain] Starting Servlet engine: [Apache Tomcat/9.0.70]
2023-04-17 09:23:23,460 INFO org.apache.juli.logging.DirectJDKLog [restartedMain] Initializing Spring embedded WebApplicationContext
2023-04-17 09:23:23,461 INFO org.springframework.boot.web.servlet.context.ServletWebServerApplicationContext [restartedMain] Root WebApplicationContext: initialization completed in 4748 ms
2023-04-17 09:23:23,781 INFO org.hibernate.jpa.internal.util.LogHelper [restartedMain] HHH000204: Processing PersistenceUnitInfo [name: default]
2023-04-17 09:23:23,931 INFO org.hibernate.Version [restartedMain] HHH000412: Hibernate ORM core version 5.6.14.Final
2023-04-17 09:23:24,303 INFO org.hibernate.annotations.common.reflection.java.JavaReflectionManager [restartedMain] HCANN000001: Hibernate Commons Annotations {5.1.2.Final}
2023-04-17 09:23:24,530 INFO com.zaxxer.hikari.HikariDataSource [restartedMain] HikariPool-1 - Starting...
2023-04-17 09:23:24,539 WARN com.zaxxer.hikari.util.DriverDataSource [restartedMain] Registered driver with driverClassName=com.mysql.jdbc.Driver was not found, trying direct instantiation.
2023-04-17 09:23:25,245 INFO com.zaxxer.hikari.HikariDataSource [restartedMain] HikariPool-1 - Start completed.
2023-04-17 09:23:25,315 INFO org.hibernate.dialect.Dialect [restartedMain] HHH000400: Using dialect: org.hibernate.dialect.MySQL8Dialect
2023-04-17 09:23:28,908 INFO org.hibernate.engine.transaction.jta.platform.internal.JtaPlatformInitiator [restartedMain] HHH000490: Using JtaPlatform implementation: [org.hibernate.engine.transaction.jta.platform.internal.NoJtaPlatform]
2023-04-17 09:23:28,930 INFO org.springframework.orm.jpa.AbstractEntityManagerFactoryBean [restartedMain] Initialized JPA EntityManagerFactory for persistence unit 'default'
2023-04-17 09:23:31,183 INFO org.springframework.beans.factory.annotation.AutowiredAnnotationBeanPostProcessor [restartedMain] Autowired annotation should only be used on methods with parameters: public java.util.List com.example.demo.serviceImpl.UserImpl.getAllUser()
2023-04-17 09:23:31,831 WARN org.springframework.boot.autoconfigure.orm.jpa.JpaBaseConfiguration$JpaWebConfiguration [restartedMain] spring.jpa.open-in-view is enabled by default. Therefore, database queries may be performed during view rendering. Explicitly configure spring.jpa.open-in-view to disable this warning
2023-04-17 09:23:31,897 INFO org.springframework.boot.autoconfigure.web.servlet.WelcomePageHandlerMapping [restartedMain] Adding welcome page: class path resource [static/index.html]
2023-04-17 09:23:33,248 INFO org.springframework.security.web.DefaultSecurityFilterChain [restartedMain] Will secure any request with [org.springframework.security.web.session.DisableEncodeUrlFilter@64faa59d, org.springframework.security.web.context.request.async.WebAsyncManagerIntegrationFilter@61e9051e, org.springframework.security.web.context.SecurityContextPersistenceFilter@3829a404, org.springframework.security.web.header.HeaderWriterFilter@72df1357, org.springframework.web.filter.CorsFilter@59c9bbd2, org.springframework.security.web.authentication.logout.LogoutFilter@6dd2fd0a, com.example.demo.security.jwt.AuthTokenFilter@2c8925fd, org.springframework.security.web.savedrequest.RequestCacheAwareFilter@15fe6561, org.springframework.security.web.servletapi.SecurityContextHolderAwareRequestFilter@15e5eae0, org.springframework.security.web.authentication.AnonymousAuthenticationFilter@5bb1f3f9, org.springframework.security.web.session.SessionManagementFilter@61a46cd1, org.springframework.security.web.access.ExceptionTranslationFilter@3a90723c, org.springframework.security.web.access.intercept.FilterSecurityInterceptor@19438aa6]
2023-04-17 09:23:33,744 INFO org.springframework.boot.devtools.autoconfigure.OptionalLiveReloadServer [restartedMain] LiveReload server is running on port 35729
2023-04-17 09:23:33,791 INFO org.apache.juli.logging.DirectJDKLog [restartedMain] Starting ProtocolHandler ["http-nio-8080"]
2023-04-17 09:23:33,840 INFO org.springframework.boot.web.embedded.tomcat.TomcatWebServer [restartedMain] Tomcat started on port(s): 8080 (http) with context path ''
2023-04-17 09:23:33,870 INFO org.springframework.boot.StartupInfoLogger [restartedMain] Started HospitalApplication in 16.582 seconds (JVM running for 19.059)
2023-04-17 09:26:10,530 INFO org.apache.juli.logging.DirectJDKLog [http-nio-8080-exec-1] Initializing Spring DispatcherServlet 'dispatcherServlet'
2023-04-17 09:26:10,530 INFO org.springframework.web.servlet.FrameworkServlet [http-nio-8080-exec-1] Initializing Servlet 'dispatcherServlet'
2023-04-17 09:26:10,534 INFO org.springframework.web.servlet.FrameworkServlet [http-nio-8080-exec-1] Completed initialization in 3 ms
2023-04-17 09:26:10,896 WARN org.springframework.web.servlet.handler.AbstractHandlerExceptionResolver [http-nio-8080-exec-2] Resolved [org.springframework.web.bind.MethodArgumentNotValidException: Validation failed for argument [0] in public com.example.demo.entity.User com.example.demo.controller.UserController.registerUser(com.example.demo.dto.RequestUser) with 3 errors: [Field error in object 'requestUser' on field 'password': rejected value [null]; codes [NotNull.requestUser.password,NotNull.password,NotNull.java.lang.String,NotNull]; arguments [org.springframework.context.support.DefaultMessageSourceResolvable: codes [requestUser.password,password]; arguments []; default message [password]]; default message [must not be null]] [Field error in object 'requestUser' on field 'email': rejected value [null]; codes [NotNull.requestUser.email,NotNull.email,NotNull.java.lang.String,NotNull]; arguments [org.springframework.context.support.DefaultMessageSourceResolvable: codes [requestUser.email,email]; arguments []; default message [email]]; default message [must not be null]] [Field error in object 'requestUser' on field 'username': rejected value [null]; codes [NotNull.requestUser.username,NotNull.username,NotNull.java.lang.String,NotNull]; arguments [org.springframework.context.support.DefaultMessageSourceResolvable: codes [requestUser.username,username]; arguments []; default message [username]]; default message [must not be null]] ]
2023-04-17 09:26:12,054 WARN org.springframework.web.servlet.handler.AbstractHandlerExceptionResolver [http-nio-8080-exec-3] Resolved [org.springframework.web.bind.MethodArgumentNotValidException: Validation failed for argument [0] in public com.example.demo.entity.User com.example.demo.controller.UserController.registerUser(com.example.demo.dto.RequestUser) with 3 errors: [Field error in object 'requestUser' on field 'email': rejected value [null]; codes [NotNull.requestUser.email,NotNull.email,NotNull.java.lang.String,NotNull]; arguments [org.springframework.context.support.DefaultMessageSourceResolvable: codes [requestUser.email,email]; arguments []; default message [email]]; default message [must not be null]] [Field error in object 'requestUser' on field 'password': rejected value [null]; codes [NotNull.requestUser.password,NotNull.password,NotNull.java.lang.String,NotNull]; arguments [org.springframework.context.support.DefaultMessageSourceResolvable: codes [requestUser.password,password]; arguments []; default message [password]]; default message [must not be null]] [Field error in object 'requestUser' on field 'username': rejected value [null]; codes [NotNull.requestUser.username,NotNull.username,NotNull.java.lang.String,NotNull]; arguments [org.springframework.context.support.DefaultMessageSourceResolvable: codes [requestUser.username,username]; arguments []; default message [username]]; default message [must not be null]] ]
2023-04-17 09:26:40,516 WARN org.springframework.web.servlet.handler.AbstractHandlerExceptionResolver [http-nio-8080-exec-7] Resolved [com.example.demo.exception.IdNotFoundException: Bad credentials]
2023-04-17 09:26:47,444 INFO com.example.demo.controller.HospitalController [http-nio-8080-exec-8] get by hospital name
2023-04-17 09:26:53,042 INFO com.example.demo.controller.BookingController [http-nio-8080-exec-10] Get user all Booking Slots
2023-04-17 09:26:59,889 INFO com.example.demo.controller.HospitalController [http-nio-8080-exec-1] get by hospital name
2023-04-17 09:27:24,481 INFO com.example.demo.controller.BookingController [http-nio-8080-exec-2] Get user all Booking Slots
2023-04-17 09:27:29,445 INFO com.example.demo.controller.HospitalController [http-nio-8080-exec-3] get by hospital name
2023-04-17 09:27:55,814 INFO com.example.demo.controller.HospitalController [http-nio-8080-exec-7] get by hospital name
2023-04-17 09:27:56,124 INFO com.example.demo.controller.HospitalController [http-nio-8080-exec-4] get by hospital name
2023-04-17 09:27:57,294 INFO com.example.demo.controller.HospitalController [http-nio-8080-exec-8] get by hospital name
2023-04-17 09:27:57,588 INFO com.example.demo.controller.HospitalController [http-nio-8080-exec-9] get by hospital name
2023-04-17 09:28:23,038 INFO com.example.demo.controller.HospitalController [http-nio-8080-exec-1] get by hospital name
2023-04-17 09:28:32,155 INFO com.example.demo.controller.SlotController [http-nio-8080-exec-3] Get slot by hospital id 
2023-04-17 09:28:38,467 INFO com.example.demo.controller.SlotController [http-nio-8080-exec-6] Get slot by hospital id 
2023-04-17 09:28:40,905 INFO com.example.demo.controller.SlotController [http-nio-8080-exec-8] Get slot by hospital id 
2023-04-17 09:28:42,960 INFO com.example.demo.controller.SlotController [http-nio-8080-exec-10] Get slot by hospital id 
2023-04-17 09:28:46,420 INFO com.example.demo.controller.SlotController [http-nio-8080-exec-1] Get slot by hospital id 
2023-04-17 09:28:49,714 INFO com.example.demo.controller.SlotController [http-nio-8080-exec-3] Get slot by hospital id 
2023-04-17 09:28:51,135 INFO com.example.demo.controller.SlotController [http-nio-8080-exec-7] Get slot by hospital id 
2023-04-17 09:28:53,013 INFO com.example.demo.controller.SlotController [http-nio-8080-exec-4] Get slot by hospital id 
2023-04-17 09:28:54,884 INFO com.example.demo.controller.SlotController [http-nio-8080-exec-9] Get slot by hospital id 
2023-04-17 09:28:58,820 INFO com.example.demo.controller.BookingController [http-nio-8080-exec-10] Get user all Booking Slots
2023-04-17 09:29:48,683 INFO com.example.demo.controller.HospitalController [http-nio-8080-exec-2] get by hospital name
2023-04-17 09:30:08,921 INFO com.example.demo.controller.HospitalController [http-nio-8080-exec-3] get by hospital name
2023-04-17 09:30:13,212 INFO com.example.demo.controller.HospitalController [http-nio-8080-exec-5] get by hospital name
2023-04-17 09:31:00,486 INFO com.example.demo.controller.HospitalController [http-nio-8080-exec-7] get by hospital name
2023-04-17 09:31:11,147 INFO com.example.demo.controller.HospitalController [http-nio-8080-exec-4] Get hospital by id 
2023-04-17 09:31:16,156 INFO com.example.demo.controller.SlotController [http-nio-8080-exec-9] Get slot by hospital id 
2023-04-17 09:31:33,730 INFO com.example.demo.controller.SlotController [http-nio-8080-exec-1] Get slot by hospital id 
2023-04-17 09:31:43,720 INFO com.example.demo.controller.SlotController [http-nio-8080-exec-3] Get slot by hospital id 
2023-04-17 09:31:45,857 INFO com.example.demo.controller.SlotController [http-nio-8080-exec-7] Get slot by hospital id 
2023-04-17 09:31:48,696 INFO com.example.demo.controller.SlotController [http-nio-8080-exec-4] Get slot by hospital id 
2023-04-17 09:31:52,510 INFO com.example.demo.controller.SlotController [http-nio-8080-exec-8] Get slot by hospital id 
2023-04-17 09:31:55,087 INFO com.example.demo.controller.SlotController [http-nio-8080-exec-10] Deleted slot 
2023-04-17 09:31:58,553 INFO com.example.demo.controller.SlotController [http-nio-8080-exec-2] Get slot by hospital id 
2023-04-17 09:32:01,761 INFO com.example.demo.controller.SlotController [http-nio-8080-exec-5] Get slot by hospital id 
2023-04-17 09:32:03,624 INFO com.example.demo.controller.SlotController [http-nio-8080-exec-7] Get slot by hospital id 
2023-04-17 09:32:06,469 INFO com.example.demo.controller.SlotController [http-nio-8080-exec-6] Get slot by hospital id 
2023-04-17 09:32:49,884 INFO com.example.demo.controller.HospitalController [http-nio-8080-exec-4] get by hospital name
2023-04-17 09:54:23,283 INFO com.example.demo.controller.HospitalController [http-nio-8080-exec-9] get by hospital name
2023-04-17 09:56:16,399 INFO com.example.demo.controller.HospitalController [http-nio-8080-exec-1] get by hospital name
2023-04-17 10:20:42,520 INFO com.example.demo.controller.HospitalController [http-nio-8080-exec-5] get by hospital name
2023-04-17 10:24:53,347 INFO com.example.demo.controller.HospitalController [http-nio-8080-exec-6] get by hospital name
2023-04-17 10:30:04,251 INFO com.example.demo.controller.HospitalController [http-nio-8080-exec-8] get by hospital name
2023-04-17 10:31:28,984 INFO com.example.demo.controller.HospitalController [http-nio-8080-exec-10] get by hospital name
2023-04-17 10:31:51,719 INFO com.example.demo.controller.HospitalController [http-nio-8080-exec-1] get by hospital name
2023-04-17 10:32:33,319 INFO com.example.demo.controller.HospitalController [http-nio-8080-exec-2] get by hospital name
2023-04-17 10:33:06,200 INFO com.example.demo.controller.HospitalController [http-nio-8080-exec-3] get by hospital name
2023-04-17 10:33:51,516 INFO com.example.demo.controller.HospitalController [http-nio-8080-exec-5] get by hospital name
2023-04-17 10:42:24,886 INFO com.example.demo.controller.HospitalController [http-nio-8080-exec-6] get by hospital name
2023-04-17 10:43:43,534 INFO com.example.demo.controller.HospitalController [http-nio-8080-exec-8] get by hospital name
2023-04-17 10:45:10,108 INFO com.example.demo.controller.HospitalController [http-nio-8080-exec-10] get by hospital name
2023-04-17 10:47:07,826 INFO com.example.demo.controller.HospitalController [http-nio-8080-exec-2] get by hospital name
2023-04-17 10:47:08,102 INFO com.example.demo.controller.HospitalController [http-nio-8080-exec-3] get by hospital name
2023-04-17 10:47:28,707 INFO com.example.demo.controller.HospitalController [http-nio-8080-exec-5] get by hospital name
2023-04-17 10:48:36,821 INFO com.example.demo.controller.HospitalController [http-nio-8080-exec-6] get by hospital name
2023-04-17 10:51:46,548 INFO com.example.demo.controller.HospitalController [http-nio-8080-exec-9] get by hospital name
2023-04-17 10:52:08,008 INFO com.example.demo.controller.HospitalController [http-nio-8080-exec-10] get by hospital name
2023-04-17 10:53:25,369 INFO com.example.demo.controller.HospitalController [http-nio-8080-exec-2] get by hospital name
2023-04-17 10:54:39,976 INFO com.example.demo.controller.HospitalController [http-nio-8080-exec-5] get by hospital name
2023-04-17 10:57:38,652 INFO com.example.demo.controller.HospitalController [http-nio-8080-exec-6] get by hospital name
2023-04-17 11:10:39,828 INFO com.example.demo.controller.HospitalController [http-nio-8080-exec-8] get by hospital name
2023-04-17 11:10:55,131 INFO com.example.demo.controller.HospitalController [http-nio-8080-exec-9] get by hospital name
2023-04-17 11:12:01,874 INFO com.example.demo.controller.HospitalController [http-nio-8080-exec-1] get by hospital name
2023-04-17 11:12:56,599 INFO com.example.demo.controller.HospitalController [http-nio-8080-exec-5] get by hospital name
2023-04-17 14:04:37,142 WARN com.zaxxer.hikari.pool.HikariPool$HouseKeeper [HikariPool-1 housekeeper] HikariPool-1 - Thread starvation or clock leap detected (housekeeper delta=53m8s75ms939µs600ns).
2023-04-17 18:45:54,338 INFO org.springframework.boot.admin.SpringApplicationAdminMXBeanRegistrar$SpringApplicationAdmin [RMI TCP Connection(514)-127.0.0.1] Application shutdown requested.
2023-04-17 18:45:54,524 INFO org.apache.juli.logging.DirectJDKLog [RMI TCP Connection(514)-127.0.0.1] Pausing ProtocolHandler ["http-nio-8080"]
2023-04-17 18:45:54,526 INFO org.apache.juli.logging.DirectJDKLog [RMI TCP Connection(514)-127.0.0.1] Stopping service [Tomcat]
2023-04-17 18:45:54,540 INFO org.apache.juli.logging.DirectJDKLog [RMI TCP Connection(514)-127.0.0.1] Destroying Spring FrameworkServlet 'dispatcherServlet'
2023-04-17 18:45:54,572 WARN org.apache.juli.logging.DirectJDKLog [RMI TCP Connection(514)-127.0.0.1] The web application [ROOT] appears to have started a thread named [HikariPool-1 housekeeper] but has failed to stop it. This is very likely to create a memory leak. Stack trace of thread:
 java.base@17.0.4.1/jdk.internal.misc.Unsafe.park(Native Method)
 java.base@17.0.4.1/java.util.concurrent.locks.LockSupport.parkNanos(LockSupport.java:252)
 java.base@17.0.4.1/java.util.concurrent.locks.AbstractQueuedSynchronizer$ConditionObject.awaitNanos(AbstractQueuedSynchronizer.java:1672)
 java.base@17.0.4.1/java.util.concurrent.ScheduledThreadPoolExecutor$DelayedWorkQueue.take(ScheduledThreadPoolExecutor.java:1182)
 java.base@17.0.4.1/java.util.concurrent.ScheduledThreadPoolExecutor$DelayedWorkQueue.take(ScheduledThreadPoolExecutor.java:899)
 java.base@17.0.4.1/java.util.concurrent.ThreadPoolExecutor.getTask(ThreadPoolExecutor.java:1062)
 java.base@17.0.4.1/java.util.concurrent.ThreadPoolExecutor.runWorker(ThreadPoolExecutor.java:1122)
 java.base@17.0.4.1/java.util.concurrent.ThreadPoolExecutor$Worker.run(ThreadPoolExecutor.java:635)
 java.base@17.0.4.1/java.lang.Thread.run(Thread.java:833)
2023-04-17 18:45:54,578 INFO org.apache.juli.logging.DirectJDKLog [RMI TCP Connection(514)-127.0.0.1] Stopping ProtocolHandler ["http-nio-8080"]
2023-04-17 18:45:54,589 INFO org.apache.juli.logging.DirectJDKLog [RMI TCP Connection(514)-127.0.0.1] Destroying ProtocolHandler ["http-nio-8080"]
2023-04-17 18:45:54,612 INFO org.springframework.orm.jpa.AbstractEntityManagerFactoryBean [RMI TCP Connection(514)-127.0.0.1] Closing JPA EntityManagerFactory for persistence unit 'default'
2023-04-17 18:45:54,678 INFO com.zaxxer.hikari.HikariDataSource [RMI TCP Connection(514)-127.0.0.1] HikariPool-1 - Shutdown initiated...
2023-04-17 18:45:54,688 INFO com.zaxxer.hikari.HikariDataSource [RMI TCP Connection(514)-127.0.0.1] HikariPool-1 - Shutdown completed.
