2023-01-10 10:32:04,479 INFO org.hibernate.validator.internal.util.Version [background-preinit] HV000001: Hibernate Validator 6.2.5.Final
2023-01-10 10:32:04,481 INFO org.springframework.boot.StartupInfoLogger [restartedMain] Starting HospitalApplication using Java 17.0.4.1 on DESKTOP-3U6BKIP with PID 14244 (C:\Users\admin\Documents\workspace-spring-tool-suite-4-4.16.1.RELEASE\hospital\target\classes started by admin in C:\Users\admin\Documents\workspace-spring-tool-suite-4-4.16.1.RELEASE\hospital)
2023-01-10 10:32:04,483 INFO org.springframework.boot.SpringApplication [restartedMain] No active profile set, falling back to 1 default profile: "default"
2023-01-10 10:32:04,562 INFO org.springframework.boot.logging.DeferredLog [restartedMain] Devtools property defaults active! Set 'spring.devtools.add-properties' to 'false' to disable
2023-01-10 10:32:04,562 INFO org.springframework.boot.logging.DeferredLog [restartedMain] For additional web related logging consider setting the 'logging.level.web' property to 'DEBUG'
2023-01-10 10:32:05,568 INFO org.springframework.data.repository.config.RepositoryConfigurationDelegate [restartedMain] Bootstrapping Spring Data JPA repositories in DEFAULT mode.
2023-01-10 10:32:05,683 INFO org.springframework.data.repository.config.RepositoryConfigurationDelegate [restartedMain] Finished Spring Data repository scanning in 102 ms. Found 8 JPA repository interfaces.
2023-01-10 10:32:06,622 INFO org.springframework.boot.web.embedded.tomcat.TomcatWebServer [restartedMain] Tomcat initialized with port(s): 8080 (http)
2023-01-10 10:32:06,647 INFO org.apache.juli.logging.DirectJDKLog [restartedMain] Initializing ProtocolHandler ["http-nio-8080"]
2023-01-10 10:32:06,648 INFO org.apache.juli.logging.DirectJDKLog [restartedMain] Starting service [Tomcat]
2023-01-10 10:32:06,649 INFO org.apache.juli.logging.DirectJDKLog [restartedMain] Starting Servlet engine: [Apache Tomcat/9.0.70]
2023-01-10 10:32:06,855 INFO org.apache.juli.logging.DirectJDKLog [restartedMain] Initializing Spring embedded WebApplicationContext
2023-01-10 10:32:06,856 INFO org.springframework.boot.web.servlet.context.ServletWebServerApplicationContext [restartedMain] Root WebApplicationContext: initialization completed in 2293 ms
2023-01-10 10:32:07,080 INFO org.hibernate.jpa.internal.util.LogHelper [restartedMain] HHH000204: Processing PersistenceUnitInfo [name: default]
2023-01-10 10:32:07,151 INFO org.hibernate.Version [restartedMain] HHH000412: Hibernate ORM core version 5.6.14.Final
2023-01-10 10:32:07,398 INFO org.hibernate.annotations.common.reflection.java.JavaReflectionManager [restartedMain] HCANN000001: Hibernate Commons Annotations {5.1.2.Final}
2023-01-10 10:32:07,638 INFO com.zaxxer.hikari.HikariDataSource [restartedMain] HikariPool-1 - Starting...
2023-01-10 10:32:07,659 WARN com.zaxxer.hikari.util.DriverDataSource [restartedMain] Registered driver with driverClassName=com.mysql.jdbc.Driver was not found, trying direct instantiation.
2023-01-10 10:32:08,138 INFO com.zaxxer.hikari.HikariDataSource [restartedMain] HikariPool-1 - Start completed.
2023-01-10 10:32:08,180 INFO org.hibernate.dialect.Dialect [restartedMain] HHH000400: Using dialect: org.hibernate.dialect.MySQL8Dialect
2023-01-10 10:32:09,468 INFO org.hibernate.engine.transaction.jta.platform.internal.JtaPlatformInitiator [restartedMain] HHH000490: Using JtaPlatform implementation: [org.hibernate.engine.transaction.jta.platform.internal.NoJtaPlatform]
2023-01-10 10:32:09,483 INFO org.springframework.orm.jpa.AbstractEntityManagerFactoryBean [restartedMain] Initialized JPA EntityManagerFactory for persistence unit 'default'
2023-01-10 10:32:10,102 WARN org.springframework.boot.autoconfigure.orm.jpa.JpaBaseConfiguration$JpaWebConfiguration [restartedMain] spring.jpa.open-in-view is enabled by default. Therefore, database queries may be performed during view rendering. Explicitly configure spring.jpa.open-in-view to disable this warning
2023-01-10 10:32:11,053 INFO org.springframework.boot.devtools.autoconfigure.OptionalLiveReloadServer [restartedMain] LiveReload server is running on port 35729
2023-01-10 10:32:11,085 INFO org.apache.juli.logging.DirectJDKLog [restartedMain] Starting ProtocolHandler ["http-nio-8080"]
2023-01-10 10:32:11,113 INFO org.springframework.boot.web.embedded.tomcat.TomcatWebServer [restartedMain] Tomcat started on port(s): 8080 (http) with context path ''
2023-01-10 10:32:11,124 INFO org.springframework.boot.StartupInfoLogger [restartedMain] Started HospitalApplication in 7.267 seconds (JVM running for 8.263)
2023-01-10 10:34:47,342 INFO org.springframework.boot.devtools.autoconfigure.LocalDevToolsAutoConfiguration$RestartingClassPathChangeChangedEventListener [File Watcher] Restarting due to 61 class path changes (0 additions, 0 deletions, 61 modifications)
2023-01-10 10:34:47,396 INFO org.apache.juli.logging.DirectJDKLog [Thread-5] Pausing ProtocolHandler ["http-nio-8080"]
2023-01-10 10:34:47,397 INFO org.apache.juli.logging.DirectJDKLog [Thread-5] Stopping service [Tomcat]
2023-01-10 10:34:47,403 INFO org.apache.juli.logging.DirectJDKLog [Thread-5] Stopping ProtocolHandler ["http-nio-8080"]
2023-01-10 10:34:47,405 INFO org.apache.juli.logging.DirectJDKLog [Thread-5] Destroying ProtocolHandler ["http-nio-8080"]
2023-01-10 10:34:47,412 INFO org.springframework.orm.jpa.AbstractEntityManagerFactoryBean [Thread-5] Closing JPA EntityManagerFactory for persistence unit 'default'
2023-01-10 10:34:47,416 INFO com.zaxxer.hikari.HikariDataSource [Thread-5] HikariPool-1 - Shutdown initiated...
2023-01-10 10:34:47,426 INFO com.zaxxer.hikari.HikariDataSource [Thread-5] HikariPool-1 - Shutdown completed.
2023-01-10 10:34:47,557 INFO org.springframework.boot.StartupInfoLogger [restartedMain] Starting HospitalApplication using Java 17.0.4.1 on DESKTOP-3U6BKIP with PID 14244 (C:\Users\admin\Documents\workspace-spring-tool-suite-4-4.16.1.RELEASE\hospital\target\classes started by admin in C:\Users\admin\Documents\workspace-spring-tool-suite-4-4.16.1.RELEASE\hospital)
2023-01-10 10:34:47,558 INFO org.springframework.boot.SpringApplication [restartedMain] No active profile set, falling back to 1 default profile: "default"
2023-01-10 10:34:47,855 INFO org.springframework.data.repository.config.RepositoryConfigurationDelegate [restartedMain] Bootstrapping Spring Data JPA repositories in DEFAULT mode.
2023-01-10 10:34:47,900 INFO org.springframework.data.repository.config.RepositoryConfigurationDelegate [restartedMain] Finished Spring Data repository scanning in 45 ms. Found 8 JPA repository interfaces.
2023-01-10 10:34:48,014 INFO org.springframework.boot.web.embedded.tomcat.TomcatWebServer [restartedMain] Tomcat initialized with port(s): 8080 (http)
2023-01-10 10:34:48,015 INFO org.apache.juli.logging.DirectJDKLog [restartedMain] Initializing ProtocolHandler ["http-nio-8080"]
2023-01-10 10:34:48,016 INFO org.apache.juli.logging.DirectJDKLog [restartedMain] Starting service [Tomcat]
2023-01-10 10:34:48,016 INFO org.apache.juli.logging.DirectJDKLog [restartedMain] Starting Servlet engine: [Apache Tomcat/9.0.70]
2023-01-10 10:34:48,049 INFO org.apache.juli.logging.DirectJDKLog [restartedMain] Initializing Spring embedded WebApplicationContext
2023-01-10 10:34:48,050 INFO org.springframework.boot.web.servlet.context.ServletWebServerApplicationContext [restartedMain] Root WebApplicationContext: initialization completed in 488 ms
2023-01-10 10:34:48,103 INFO org.hibernate.jpa.internal.util.LogHelper [restartedMain] HHH000204: Processing PersistenceUnitInfo [name: default]
2023-01-10 10:34:48,111 INFO com.zaxxer.hikari.HikariDataSource [restartedMain] HikariPool-2 - Starting...
2023-01-10 10:34:48,111 WARN com.zaxxer.hikari.util.DriverDataSource [restartedMain] Registered driver with driverClassName=com.mysql.jdbc.Driver was not found, trying direct instantiation.
2023-01-10 10:34:48,135 INFO com.zaxxer.hikari.HikariDataSource [restartedMain] HikariPool-2 - Start completed.
2023-01-10 10:34:48,136 INFO org.hibernate.dialect.Dialect [restartedMain] HHH000400: Using dialect: org.hibernate.dialect.MySQL8Dialect
2023-01-10 10:34:48,532 INFO org.hibernate.engine.transaction.jta.platform.internal.JtaPlatformInitiator [restartedMain] HHH000490: Using JtaPlatform implementation: [org.hibernate.engine.transaction.jta.platform.internal.NoJtaPlatform]
2023-01-10 10:34:48,533 INFO org.springframework.orm.jpa.AbstractEntityManagerFactoryBean [restartedMain] Initialized JPA EntityManagerFactory for persistence unit 'default'
2023-01-10 10:34:48,828 WARN org.springframework.boot.autoconfigure.orm.jpa.JpaBaseConfiguration$JpaWebConfiguration [restartedMain] spring.jpa.open-in-view is enabled by default. Therefore, database queries may be performed during view rendering. Explicitly configure spring.jpa.open-in-view to disable this warning
2023-01-10 10:34:49,670 INFO org.springframework.boot.devtools.autoconfigure.OptionalLiveReloadServer [restartedMain] LiveReload server is running on port 35729
2023-01-10 10:34:49,696 INFO org.apache.juli.logging.DirectJDKLog [restartedMain] Starting ProtocolHandler ["http-nio-8080"]
2023-01-10 10:34:49,703 INFO org.springframework.boot.web.embedded.tomcat.TomcatWebServer [restartedMain] Tomcat started on port(s): 8080 (http) with context path ''
2023-01-10 10:34:49,719 INFO org.springframework.boot.StartupInfoLogger [restartedMain] Started HospitalApplication in 2.213 seconds (JVM running for 166.857)
2023-01-10 10:34:49,722 INFO org.springframework.boot.devtools.autoconfigure.ConditionEvaluationDeltaLoggingListener [restartedMain] Condition evaluation unchanged
2023-01-10 10:36:31,694 INFO org.springframework.boot.devtools.autoconfigure.LocalDevToolsAutoConfiguration$RestartingClassPathChangeChangedEventListener [File Watcher] Restarting due to 1 class path change (0 additions, 0 deletions, 1 modification)
2023-01-10 10:36:31,715 INFO org.apache.juli.logging.DirectJDKLog [Thread-7] Pausing ProtocolHandler ["http-nio-8080"]
2023-01-10 10:36:31,715 INFO org.apache.juli.logging.DirectJDKLog [Thread-7] Stopping service [Tomcat]
2023-01-10 10:36:31,717 INFO org.apache.juli.logging.DirectJDKLog [Thread-7] Stopping ProtocolHandler ["http-nio-8080"]
2023-01-10 10:36:31,719 INFO org.apache.juli.logging.DirectJDKLog [Thread-7] Destroying ProtocolHandler ["http-nio-8080"]
2023-01-10 10:36:31,722 INFO org.springframework.orm.jpa.AbstractEntityManagerFactoryBean [Thread-7] Closing JPA EntityManagerFactory for persistence unit 'default'
2023-01-10 10:36:31,723 INFO com.zaxxer.hikari.HikariDataSource [Thread-7] HikariPool-2 - Shutdown initiated...
2023-01-10 10:36:31,754 INFO com.zaxxer.hikari.HikariDataSource [Thread-7] HikariPool-2 - Shutdown completed.
2023-01-10 10:36:32,068 INFO org.springframework.boot.StartupInfoLogger [restartedMain] Starting HospitalApplication using Java 17.0.4.1 on DESKTOP-3U6BKIP with PID 14244 (C:\Users\admin\Documents\workspace-spring-tool-suite-4-4.16.1.RELEASE\hospital\target\classes started by admin in C:\Users\admin\Documents\workspace-spring-tool-suite-4-4.16.1.RELEASE\hospital)
2023-01-10 10:36:32,069 DEBUG org.springframework.boot.StartupInfoLogger [restartedMain] Running with Spring Boot v2.7.7, Spring v5.3.24
2023-01-10 10:36:32,070 INFO org.springframework.boot.SpringApplication [restartedMain] No active profile set, falling back to 1 default profile: "default"
2023-01-10 10:36:32,669 INFO org.springframework.data.repository.config.RepositoryConfigurationDelegate [restartedMain] Bootstrapping Spring Data JPA repositories in DEFAULT mode.
2023-01-10 10:36:32,760 INFO org.springframework.data.repository.config.RepositoryConfigurationDelegate [restartedMain] Finished Spring Data repository scanning in 89 ms. Found 8 JPA repository interfaces.
2023-01-10 10:36:32,891 INFO org.springframework.boot.web.embedded.tomcat.TomcatWebServer [restartedMain] Tomcat initialized with port(s): 8080 (http)
2023-01-10 10:36:32,893 INFO org.apache.juli.logging.DirectJDKLog [restartedMain] Initializing ProtocolHandler ["http-nio-8080"]
2023-01-10 10:36:32,894 INFO org.apache.juli.logging.DirectJDKLog [restartedMain] Starting service [Tomcat]
2023-01-10 10:36:32,894 INFO org.apache.juli.logging.DirectJDKLog [restartedMain] Starting Servlet engine: [Apache Tomcat/9.0.70]
2023-01-10 10:36:32,930 INFO org.apache.juli.logging.DirectJDKLog [restartedMain] Initializing Spring embedded WebApplicationContext
2023-01-10 10:36:32,930 INFO org.springframework.boot.web.servlet.context.ServletWebServerApplicationContext [restartedMain] Root WebApplicationContext: initialization completed in 850 ms
2023-01-10 10:36:32,994 INFO org.hibernate.jpa.internal.util.LogHelper [restartedMain] HHH000204: Processing PersistenceUnitInfo [name: default]
2023-01-10 10:36:33,003 INFO com.zaxxer.hikari.HikariDataSource [restartedMain] HikariPool-3 - Starting...
2023-01-10 10:36:33,004 WARN com.zaxxer.hikari.util.DriverDataSource [restartedMain] Registered driver with driverClassName=com.mysql.jdbc.Driver was not found, trying direct instantiation.
2023-01-10 10:36:33,032 INFO com.zaxxer.hikari.HikariDataSource [restartedMain] HikariPool-3 - Start completed.
2023-01-10 10:36:33,033 INFO org.hibernate.dialect.Dialect [restartedMain] HHH000400: Using dialect: org.hibernate.dialect.MySQL8Dialect
2023-01-10 10:36:33,408 INFO org.hibernate.engine.transaction.jta.platform.internal.JtaPlatformInitiator [restartedMain] HHH000490: Using JtaPlatform implementation: [org.hibernate.engine.transaction.jta.platform.internal.NoJtaPlatform]
2023-01-10 10:36:33,410 INFO org.springframework.orm.jpa.AbstractEntityManagerFactoryBean [restartedMain] Initialized JPA EntityManagerFactory for persistence unit 'default'
2023-01-10 10:36:33,698 WARN org.springframework.boot.autoconfigure.orm.jpa.JpaBaseConfiguration$JpaWebConfiguration [restartedMain] spring.jpa.open-in-view is enabled by default. Therefore, database queries may be performed during view rendering. Explicitly configure spring.jpa.open-in-view to disable this warning
2023-01-10 10:36:34,345 INFO org.springframework.boot.devtools.autoconfigure.OptionalLiveReloadServer [restartedMain] LiveReload server is running on port 35729
2023-01-10 10:36:34,363 INFO org.apache.juli.logging.DirectJDKLog [restartedMain] Starting ProtocolHandler ["http-nio-8080"]
2023-01-10 10:36:34,368 INFO org.springframework.boot.web.embedded.tomcat.TomcatWebServer [restartedMain] Tomcat started on port(s): 8080 (http) with context path ''
2023-01-10 10:36:34,378 INFO org.springframework.boot.StartupInfoLogger [restartedMain] Started HospitalApplication in 2.473 seconds (JVM running for 271.517)
2023-01-10 10:36:34,380 INFO org.springframework.boot.devtools.autoconfigure.ConditionEvaluationDeltaLoggingListener [restartedMain] Condition evaluation unchanged
2023-01-10 10:37:20,386 INFO org.springframework.boot.devtools.autoconfigure.LocalDevToolsAutoConfiguration$RestartingClassPathChangeChangedEventListener [File Watcher] Restarting due to 1 class path change (0 additions, 0 deletions, 1 modification)
2023-01-10 10:37:20,413 INFO org.apache.juli.logging.DirectJDKLog [Thread-11] Pausing ProtocolHandler ["http-nio-8080"]
2023-01-10 10:37:20,414 INFO org.apache.juli.logging.DirectJDKLog [Thread-11] Stopping service [Tomcat]
2023-01-10 10:37:20,417 INFO org.apache.juli.logging.DirectJDKLog [Thread-11] Stopping ProtocolHandler ["http-nio-8080"]
2023-01-10 10:37:20,419 INFO org.apache.juli.logging.DirectJDKLog [Thread-11] Destroying ProtocolHandler ["http-nio-8080"]
2023-01-10 10:37:20,425 INFO org.springframework.orm.jpa.AbstractEntityManagerFactoryBean [Thread-11] Closing JPA EntityManagerFactory for persistence unit 'default'
2023-01-10 10:37:20,428 INFO com.zaxxer.hikari.HikariDataSource [Thread-11] HikariPool-3 - Shutdown initiated...
2023-01-10 10:37:20,437 INFO com.zaxxer.hikari.HikariDataSource [Thread-11] HikariPool-3 - Shutdown completed.
2023-01-10 10:37:20,568 INFO org.springframework.boot.StartupInfoLogger [restartedMain] Starting HospitalApplication using Java 17.0.4.1 on DESKTOP-3U6BKIP with PID 14244 (C:\Users\admin\Documents\workspace-spring-tool-suite-4-4.16.1.RELEASE\hospital\target\classes started by admin in C:\Users\admin\Documents\workspace-spring-tool-suite-4-4.16.1.RELEASE\hospital)
2023-01-10 10:37:20,568 INFO org.springframework.boot.SpringApplication [restartedMain] No active profile set, falling back to 1 default profile: "default"
2023-01-10 10:37:21,221 INFO org.springframework.data.repository.config.RepositoryConfigurationDelegate [restartedMain] Bootstrapping Spring Data JPA repositories in DEFAULT mode.
2023-01-10 10:37:21,286 INFO org.springframework.data.repository.config.RepositoryConfigurationDelegate [restartedMain] Finished Spring Data repository scanning in 64 ms. Found 8 JPA repository interfaces.
2023-01-10 10:37:21,555 INFO org.springframework.boot.web.embedded.tomcat.TomcatWebServer [restartedMain] Tomcat initialized with port(s): 8080 (http)
2023-01-10 10:37:21,556 INFO org.apache.juli.logging.DirectJDKLog [restartedMain] Initializing ProtocolHandler ["http-nio-8080"]
2023-01-10 10:37:21,557 INFO org.apache.juli.logging.DirectJDKLog [restartedMain] Starting service [Tomcat]
2023-01-10 10:37:21,557 INFO org.apache.juli.logging.DirectJDKLog [restartedMain] Starting Servlet engine: [Apache Tomcat/9.0.70]
2023-01-10 10:37:21,690 INFO org.apache.juli.logging.DirectJDKLog [restartedMain] Initializing Spring embedded WebApplicationContext
2023-01-10 10:37:21,698 INFO org.springframework.boot.web.servlet.context.ServletWebServerApplicationContext [restartedMain] Root WebApplicationContext: initialization completed in 1128 ms
2023-01-10 10:37:21,817 INFO org.hibernate.jpa.internal.util.LogHelper [restartedMain] HHH000204: Processing PersistenceUnitInfo [name: default]
2023-01-10 10:37:21,898 INFO com.zaxxer.hikari.HikariDataSource [restartedMain] HikariPool-4 - Starting...
2023-01-10 10:37:21,899 WARN com.zaxxer.hikari.util.DriverDataSource [restartedMain] Registered driver with driverClassName=com.mysql.jdbc.Driver was not found, trying direct instantiation.
2023-01-10 10:37:21,968 INFO com.zaxxer.hikari.HikariDataSource [restartedMain] HikariPool-4 - Start completed.
2023-01-10 10:37:21,969 INFO org.hibernate.dialect.Dialect [restartedMain] HHH000400: Using dialect: org.hibernate.dialect.MySQL8Dialect
2023-01-10 10:37:22,431 INFO org.hibernate.engine.transaction.jta.platform.internal.JtaPlatformInitiator [restartedMain] HHH000490: Using JtaPlatform implementation: [org.hibernate.engine.transaction.jta.platform.internal.NoJtaPlatform]
2023-01-10 10:37:22,432 INFO org.springframework.orm.jpa.AbstractEntityManagerFactoryBean [restartedMain] Initialized JPA EntityManagerFactory for persistence unit 'default'
2023-01-10 10:37:22,934 WARN org.springframework.boot.autoconfigure.orm.jpa.JpaBaseConfiguration$JpaWebConfiguration [restartedMain] spring.jpa.open-in-view is enabled by default. Therefore, database queries may be performed during view rendering. Explicitly configure spring.jpa.open-in-view to disable this warning
2023-01-10 10:37:23,575 INFO org.springframework.boot.devtools.autoconfigure.OptionalLiveReloadServer [restartedMain] LiveReload server is running on port 35729
2023-01-10 10:37:23,603 INFO org.apache.juli.logging.DirectJDKLog [restartedMain] Starting ProtocolHandler ["http-nio-8080"]
2023-01-10 10:37:23,616 INFO org.springframework.boot.web.embedded.tomcat.TomcatWebServer [restartedMain] Tomcat started on port(s): 8080 (http) with context path ''
2023-01-10 10:37:23,622 INFO org.springframework.boot.StartupInfoLogger [restartedMain] Started HospitalApplication in 3.108 seconds (JVM running for 320.76)
2023-01-10 10:37:23,631 INFO org.springframework.boot.devtools.autoconfigure.ConditionEvaluationDeltaLoggingListener [restartedMain] Condition evaluation unchanged
2023-01-10 10:37:27,360 INFO org.springframework.boot.admin.SpringApplicationAdminMXBeanRegistrar$SpringApplicationAdmin [RMI TCP Connection(7)-127.0.0.1] Application shutdown requested.
2023-01-10 10:37:27,380 INFO org.apache.juli.logging.DirectJDKLog [RMI TCP Connection(7)-127.0.0.1] Pausing ProtocolHandler ["http-nio-8080"]
2023-01-10 10:37:27,380 INFO org.apache.juli.logging.DirectJDKLog [RMI TCP Connection(7)-127.0.0.1] Stopping service [Tomcat]
2023-01-10 10:37:27,383 INFO org.apache.juli.logging.DirectJDKLog [RMI TCP Connection(7)-127.0.0.1] Stopping ProtocolHandler ["http-nio-8080"]
2023-01-10 10:37:27,384 INFO org.apache.juli.logging.DirectJDKLog [RMI TCP Connection(7)-127.0.0.1] Destroying ProtocolHandler ["http-nio-8080"]
2023-01-10 10:37:27,392 INFO org.springframework.orm.jpa.AbstractEntityManagerFactoryBean [RMI TCP Connection(7)-127.0.0.1] Closing JPA EntityManagerFactory for persistence unit 'default'
2023-01-10 10:37:27,395 INFO com.zaxxer.hikari.HikariDataSource [RMI TCP Connection(7)-127.0.0.1] HikariPool-4 - Shutdown initiated...
2023-01-10 10:37:27,402 INFO com.zaxxer.hikari.HikariDataSource [RMI TCP Connection(7)-127.0.0.1] HikariPool-4 - Shutdown completed.
2023-01-10 10:37:31,730 INFO org.hibernate.validator.internal.util.Version [background-preinit] HV000001: Hibernate Validator 6.2.5.Final
2023-01-10 10:37:31,738 INFO org.springframework.boot.StartupInfoLogger [restartedMain] Starting HospitalApplication using Java 17.0.4.1 on DESKTOP-3U6BKIP with PID 12104 (C:\Users\admin\Documents\workspace-spring-tool-suite-4-4.16.1.RELEASE\hospital\target\classes started by admin in C:\Users\admin\Documents\workspace-spring-tool-suite-4-4.16.1.RELEASE\hospital)
2023-01-10 10:37:31,740 INFO org.springframework.boot.SpringApplication [restartedMain] No active profile set, falling back to 1 default profile: "default"
2023-01-10 10:37:31,846 INFO org.springframework.boot.logging.DeferredLog [restartedMain] Devtools property defaults active! Set 'spring.devtools.add-properties' to 'false' to disable
2023-01-10 10:37:31,846 INFO org.springframework.boot.logging.DeferredLog [restartedMain] For additional web related logging consider setting the 'logging.level.web' property to 'DEBUG'
2023-01-10 10:37:33,186 INFO org.springframework.data.repository.config.RepositoryConfigurationDelegate [restartedMain] Bootstrapping Spring Data JPA repositories in DEFAULT mode.
2023-01-10 10:37:33,440 INFO org.springframework.data.repository.config.RepositoryConfigurationDelegate [restartedMain] Finished Spring Data repository scanning in 230 ms. Found 8 JPA repository interfaces.
2023-01-10 10:37:34,449 INFO org.springframework.boot.web.embedded.tomcat.TomcatWebServer [restartedMain] Tomcat initialized with port(s): 8080 (http)
2023-01-10 10:37:34,472 INFO org.apache.juli.logging.DirectJDKLog [restartedMain] Initializing ProtocolHandler ["http-nio-8080"]
2023-01-10 10:37:34,473 INFO org.apache.juli.logging.DirectJDKLog [restartedMain] Starting service [Tomcat]
2023-01-10 10:37:34,474 INFO org.apache.juli.logging.DirectJDKLog [restartedMain] Starting Servlet engine: [Apache Tomcat/9.0.70]
2023-01-10 10:37:34,627 INFO org.apache.juli.logging.DirectJDKLog [restartedMain] Initializing Spring embedded WebApplicationContext
2023-01-10 10:37:34,628 INFO org.springframework.boot.web.servlet.context.ServletWebServerApplicationContext [restartedMain] Root WebApplicationContext: initialization completed in 2768 ms
2023-01-10 10:37:34,915 INFO org.hibernate.jpa.internal.util.LogHelper [restartedMain] HHH000204: Processing PersistenceUnitInfo [name: default]
2023-01-10 10:37:35,005 INFO org.hibernate.Version [restartedMain] HHH000412: Hibernate ORM core version 5.6.14.Final
2023-01-10 10:37:35,258 INFO org.hibernate.annotations.common.reflection.java.JavaReflectionManager [restartedMain] HCANN000001: Hibernate Commons Annotations {5.1.2.Final}
2023-01-10 10:37:35,422 INFO com.zaxxer.hikari.HikariDataSource [restartedMain] HikariPool-1 - Starting...
2023-01-10 10:37:35,432 WARN com.zaxxer.hikari.util.DriverDataSource [restartedMain] Registered driver with driverClassName=com.mysql.jdbc.Driver was not found, trying direct instantiation.
2023-01-10 10:37:35,899 INFO com.zaxxer.hikari.HikariDataSource [restartedMain] HikariPool-1 - Start completed.
2023-01-10 10:37:35,958 INFO org.hibernate.dialect.Dialect [restartedMain] HHH000400: Using dialect: org.hibernate.dialect.MySQL8Dialect
2023-01-10 10:37:37,589 INFO org.hibernate.engine.transaction.jta.platform.internal.JtaPlatformInitiator [restartedMain] HHH000490: Using JtaPlatform implementation: [org.hibernate.engine.transaction.jta.platform.internal.NoJtaPlatform]
2023-01-10 10:37:37,603 INFO org.springframework.orm.jpa.AbstractEntityManagerFactoryBean [restartedMain] Initialized JPA EntityManagerFactory for persistence unit 'default'
2023-01-10 10:37:38,666 WARN org.springframework.boot.autoconfigure.orm.jpa.JpaBaseConfiguration$JpaWebConfiguration [restartedMain] spring.jpa.open-in-view is enabled by default. Therefore, database queries may be performed during view rendering. Explicitly configure spring.jpa.open-in-view to disable this warning
2023-01-10 10:37:39,948 INFO org.springframework.boot.devtools.autoconfigure.OptionalLiveReloadServer [restartedMain] LiveReload server is running on port 35729
2023-01-10 10:37:39,984 INFO org.apache.juli.logging.DirectJDKLog [restartedMain] Starting ProtocolHandler ["http-nio-8080"]
2023-01-10 10:37:40,022 INFO org.springframework.boot.web.embedded.tomcat.TomcatWebServer [restartedMain] Tomcat started on port(s): 8080 (http) with context path ''
2023-01-10 10:37:40,046 INFO org.springframework.boot.StartupInfoLogger [restartedMain] Started HospitalApplication in 9.306 seconds (JVM running for 10.508)
2023-01-10 10:40:44,275 INFO org.springframework.boot.devtools.autoconfigure.LocalDevToolsAutoConfiguration$RestartingClassPathChangeChangedEventListener [File Watcher] Restarting due to 1 class path change (0 additions, 0 deletions, 1 modification)
2023-01-10 10:40:44,299 INFO org.apache.juli.logging.DirectJDKLog [Thread-5] Pausing ProtocolHandler ["http-nio-8080"]
2023-01-10 10:40:44,299 INFO org.apache.juli.logging.DirectJDKLog [Thread-5] Stopping service [Tomcat]
2023-01-10 10:40:44,305 INFO org.apache.juli.logging.DirectJDKLog [Thread-5] Stopping ProtocolHandler ["http-nio-8080"]
2023-01-10 10:40:44,307 INFO org.apache.juli.logging.DirectJDKLog [Thread-5] Destroying ProtocolHandler ["http-nio-8080"]
2023-01-10 10:40:44,314 INFO org.springframework.orm.jpa.AbstractEntityManagerFactoryBean [Thread-5] Closing JPA EntityManagerFactory for persistence unit 'default'
2023-01-10 10:40:44,318 INFO com.zaxxer.hikari.HikariDataSource [Thread-5] HikariPool-1 - Shutdown initiated...
2023-01-10 10:40:44,329 INFO com.zaxxer.hikari.HikariDataSource [Thread-5] HikariPool-1 - Shutdown completed.
