2023-03-16 09:41:06,808 INFO org.hibernate.validator.internal.util.Version [background-preinit] HV000001: Hibernate Validator 6.2.5.Final
2023-03-16 09:41:06,796 INFO org.springframework.boot.StartupInfoLogger [restartedMain] Starting HospitalApplication using Java 17.0.4.1 on DESKTOP-3U6BKIP with PID 6060 (C:\Users\admin\Documents\workspace-spring-tool-suite-4-4.16.1.RELEASE\hospital\target\classes started by admin in C:\Users\admin\Documents\workspace-spring-tool-suite-4-4.16.1.RELEASE\hospital)
2023-03-16 09:41:06,825 INFO org.springframework.boot.SpringApplication [restartedMain] No active profile set, falling back to 1 default profile: "default"
2023-03-16 09:41:06,995 INFO org.springframework.boot.logging.DeferredLog [restartedMain] Devtools property defaults active! Set 'spring.devtools.add-properties' to 'false' to disable
2023-03-16 09:41:06,996 INFO org.springframework.boot.logging.DeferredLog [restartedMain] For additional web related logging consider setting the 'logging.level.web' property to 'DEBUG'
2023-03-16 09:41:10,201 INFO org.springframework.data.repository.config.RepositoryConfigurationDelegate [restartedMain] Bootstrapping Spring Data JPA repositories in DEFAULT mode.
2023-03-16 09:41:10,494 INFO org.springframework.data.repository.config.RepositoryConfigurationDelegate [restartedMain] Finished Spring Data repository scanning in 257 ms. Found 9 JPA repository interfaces.
2023-03-16 09:41:12,332 INFO org.springframework.boot.web.embedded.tomcat.TomcatWebServer [restartedMain] Tomcat initialized with port(s): 8080 (http)
2023-03-16 09:41:12,358 INFO org.apache.juli.logging.DirectJDKLog [restartedMain] Initializing ProtocolHandler ["http-nio-8080"]
2023-03-16 09:41:12,359 INFO org.apache.juli.logging.DirectJDKLog [restartedMain] Starting service [Tomcat]
2023-03-16 09:41:12,359 INFO org.apache.juli.logging.DirectJDKLog [restartedMain] Starting Servlet engine: [Apache Tomcat/9.0.70]
2023-03-16 09:41:12,554 INFO org.apache.juli.logging.DirectJDKLog [restartedMain] Initializing Spring embedded WebApplicationContext
2023-03-16 09:41:12,556 INFO org.springframework.boot.web.servlet.context.ServletWebServerApplicationContext [restartedMain] Root WebApplicationContext: initialization completed in 5558 ms
2023-03-16 09:41:12,976 INFO org.hibernate.jpa.internal.util.LogHelper [restartedMain] HHH000204: Processing PersistenceUnitInfo [name: default]
2023-03-16 09:41:13,110 INFO org.hibernate.Version [restartedMain] HHH000412: Hibernate ORM core version 5.6.14.Final
2023-03-16 09:41:13,524 INFO org.hibernate.annotations.common.reflection.java.JavaReflectionManager [restartedMain] HCANN000001: Hibernate Commons Annotations {5.1.2.Final}
2023-03-16 09:41:13,900 INFO com.zaxxer.hikari.HikariDataSource [restartedMain] HikariPool-1 - Starting...
2023-03-16 09:41:13,912 WARN com.zaxxer.hikari.util.DriverDataSource [restartedMain] Registered driver with driverClassName=com.mysql.jdbc.Driver was not found, trying direct instantiation.
2023-03-16 09:41:14,708 INFO com.zaxxer.hikari.HikariDataSource [restartedMain] HikariPool-1 - Start completed.
2023-03-16 09:41:14,785 INFO org.hibernate.dialect.Dialect [restartedMain] HHH000400: Using dialect: org.hibernate.dialect.MySQL8Dialect
2023-03-16 09:41:16,908 INFO org.hibernate.engine.transaction.jta.platform.internal.JtaPlatformInitiator [restartedMain] HHH000490: Using JtaPlatform implementation: [org.hibernate.engine.transaction.jta.platform.internal.NoJtaPlatform]
2023-03-16 09:41:16,929 INFO org.springframework.orm.jpa.AbstractEntityManagerFactoryBean [restartedMain] Initialized JPA EntityManagerFactory for persistence unit 'default'
2023-03-16 09:41:18,292 INFO org.springframework.beans.factory.annotation.AutowiredAnnotationBeanPostProcessor [restartedMain] Autowired annotation should only be used on methods with parameters: public java.util.List com.example.demo.serviceImpl.UserImpl.getAllUser()
2023-03-16 09:41:18,786 WARN org.springframework.boot.autoconfigure.orm.jpa.JpaBaseConfiguration$JpaWebConfiguration [restartedMain] spring.jpa.open-in-view is enabled by default. Therefore, database queries may be performed during view rendering. Explicitly configure spring.jpa.open-in-view to disable this warning
2023-03-16 09:41:18,828 INFO org.springframework.boot.autoconfigure.web.servlet.WelcomePageHandlerMapping [restartedMain] Adding welcome page: class path resource [static/index.html]
2023-03-16 09:41:19,812 INFO org.springframework.security.web.DefaultSecurityFilterChain [restartedMain] Will secure any request with [org.springframework.security.web.session.DisableEncodeUrlFilter@7f7829fd, org.springframework.security.web.context.request.async.WebAsyncManagerIntegrationFilter@13c126f3, org.springframework.security.web.context.SecurityContextPersistenceFilter@266b0d7c, org.springframework.security.web.header.HeaderWriterFilter@dd3380d, org.springframework.web.filter.CorsFilter@539569f7, org.springframework.security.web.authentication.logout.LogoutFilter@3e62747, com.example.demo.security.jwt.AuthTokenFilter@15a70dac, org.springframework.security.web.savedrequest.RequestCacheAwareFilter@7f948779, org.springframework.security.web.servletapi.SecurityContextHolderAwareRequestFilter@c73024, org.springframework.security.web.authentication.AnonymousAuthenticationFilter@7e3c9fab, org.springframework.security.web.session.SessionManagementFilter@175d32d1, org.springframework.security.web.access.ExceptionTranslationFilter@6f1e734b, org.springframework.security.web.access.intercept.FilterSecurityInterceptor@f7c7534]
2023-03-16 09:41:20,366 INFO org.springframework.boot.devtools.autoconfigure.OptionalLiveReloadServer [restartedMain] LiveReload server is running on port 35729
2023-03-16 09:41:20,420 INFO org.apache.juli.logging.DirectJDKLog [restartedMain] Starting ProtocolHandler ["http-nio-8080"]
2023-03-16 09:41:20,457 INFO org.springframework.boot.web.embedded.tomcat.TomcatWebServer [restartedMain] Tomcat started on port(s): 8080 (http) with context path ''
2023-03-16 09:41:20,478 INFO org.springframework.boot.StartupInfoLogger [restartedMain] Started HospitalApplication in 15.61 seconds (JVM running for 20.084)
2023-03-16 09:42:29,589 INFO org.apache.juli.logging.DirectJDKLog [http-nio-8080-exec-1] Initializing Spring DispatcherServlet 'dispatcherServlet'
2023-03-16 09:42:29,590 INFO org.springframework.web.servlet.FrameworkServlet [http-nio-8080-exec-1] Initializing Servlet 'dispatcherServlet'
2023-03-16 09:42:29,597 INFO org.springframework.web.servlet.FrameworkServlet [http-nio-8080-exec-1] Completed initialization in 6 ms
2023-03-16 09:42:30,309 WARN org.springframework.web.servlet.handler.AbstractHandlerExceptionResolver [http-nio-8080-exec-2] Resolved [com.example.demo.exception.IdNotFoundException: Bad credentials]
2023-03-16 09:42:38,312 WARN org.springframework.web.servlet.handler.AbstractHandlerExceptionResolver [http-nio-8080-exec-3] Resolved [com.example.demo.exception.IdNotFoundException: Bad credentials]
2023-03-16 11:10:12,973 ERROR com.example.demo.security.jwt.AuthEntryPointJwt [http-nio-8080-exec-7] Unauthorized error: Full authentication is required to access this resource
2023-03-16 11:10:13,103 ERROR com.example.demo.security.jwt.AuthEntryPointJwt [http-nio-8080-exec-8] Unauthorized error: Full authentication is required to access this resource
2023-03-16 11:12:13,972 INFO org.springframework.boot.devtools.autoconfigure.LocalDevToolsAutoConfiguration$RestartingClassPathChangeChangedEventListener [File Watcher] Restarting due to 3 class path changes (0 additions, 0 deletions, 3 modifications)
2023-03-16 11:12:14,079 INFO org.apache.juli.logging.DirectJDKLog [Thread-5] Pausing ProtocolHandler ["http-nio-8080"]
2023-03-16 11:12:14,081 INFO org.apache.juli.logging.DirectJDKLog [Thread-5] Stopping service [Tomcat]
2023-03-16 11:12:14,084 INFO org.apache.juli.logging.DirectJDKLog [Thread-5] Destroying Spring FrameworkServlet 'dispatcherServlet'
2023-03-16 11:12:14,095 WARN org.apache.juli.logging.DirectJDKLog [Thread-5] The web application [ROOT] appears to have started a thread named [HikariPool-1 housekeeper] but has failed to stop it. This is very likely to create a memory leak. Stack trace of thread:
 java.base@17.0.4.1/jdk.internal.misc.Unsafe.park(Native Method)
 java.base@17.0.4.1/java.util.concurrent.locks.LockSupport.parkNanos(LockSupport.java:252)
 java.base@17.0.4.1/java.util.concurrent.locks.AbstractQueuedSynchronizer$ConditionObject.awaitNanos(AbstractQueuedSynchronizer.java:1672)
 java.base@17.0.4.1/java.util.concurrent.ScheduledThreadPoolExecutor$DelayedWorkQueue.take(ScheduledThreadPoolExecutor.java:1182)
 java.base@17.0.4.1/java.util.concurrent.ScheduledThreadPoolExecutor$DelayedWorkQueue.take(ScheduledThreadPoolExecutor.java:899)
 java.base@17.0.4.1/java.util.concurrent.ThreadPoolExecutor.getTask(ThreadPoolExecutor.java:1062)
 java.base@17.0.4.1/java.util.concurrent.ThreadPoolExecutor.runWorker(ThreadPoolExecutor.java:1122)
 java.base@17.0.4.1/java.util.concurrent.ThreadPoolExecutor$Worker.run(ThreadPoolExecutor.java:635)
 java.base@17.0.4.1/java.lang.Thread.run(Thread.java:833)
2023-03-16 11:12:14,098 INFO org.apache.juli.logging.DirectJDKLog [Thread-5] Stopping ProtocolHandler ["http-nio-8080"]
2023-03-16 11:12:14,102 INFO org.apache.juli.logging.DirectJDKLog [Thread-5] Destroying ProtocolHandler ["http-nio-8080"]
2023-03-16 11:12:14,128 INFO org.springframework.orm.jpa.AbstractEntityManagerFactoryBean [Thread-5] Closing JPA EntityManagerFactory for persistence unit 'default'
2023-03-16 11:12:14,146 INFO com.zaxxer.hikari.HikariDataSource [Thread-5] HikariPool-1 - Shutdown initiated...
2023-03-16 11:12:14,198 INFO com.zaxxer.hikari.HikariDataSource [Thread-5] HikariPool-1 - Shutdown completed.
2023-03-16 11:12:14,554 INFO org.springframework.boot.StartupInfoLogger [restartedMain] Starting HospitalApplication using Java 17.0.4.1 on DESKTOP-3U6BKIP with PID 6060 (C:\Users\admin\Documents\workspace-spring-tool-suite-4-4.16.1.RELEASE\hospital\target\classes started by admin in C:\Users\admin\Documents\workspace-spring-tool-suite-4-4.16.1.RELEASE\hospital)
2023-03-16 11:12:14,555 INFO org.springframework.boot.SpringApplication [restartedMain] No active profile set, falling back to 1 default profile: "default"
2023-03-16 11:12:16,800 INFO org.springframework.data.repository.config.RepositoryConfigurationDelegate [restartedMain] Bootstrapping Spring Data JPA repositories in DEFAULT mode.
2023-03-16 11:12:17,081 INFO org.springframework.data.repository.config.RepositoryConfigurationDelegate [restartedMain] Finished Spring Data repository scanning in 280 ms. Found 9 JPA repository interfaces.
2023-03-16 11:12:17,771 INFO org.springframework.boot.web.embedded.tomcat.TomcatWebServer [restartedMain] Tomcat initialized with port(s): 8080 (http)
2023-03-16 11:12:17,772 INFO org.apache.juli.logging.DirectJDKLog [restartedMain] Initializing ProtocolHandler ["http-nio-8080"]
2023-03-16 11:12:17,773 INFO org.apache.juli.logging.DirectJDKLog [restartedMain] Starting service [Tomcat]
2023-03-16 11:12:17,773 INFO org.apache.juli.logging.DirectJDKLog [restartedMain] Starting Servlet engine: [Apache Tomcat/9.0.70]
2023-03-16 11:12:17,932 INFO org.apache.juli.logging.DirectJDKLog [restartedMain] Initializing Spring embedded WebApplicationContext
2023-03-16 11:12:17,932 INFO org.springframework.boot.web.servlet.context.ServletWebServerApplicationContext [restartedMain] Root WebApplicationContext: initialization completed in 3373 ms
2023-03-16 11:12:18,152 INFO org.hibernate.jpa.internal.util.LogHelper [restartedMain] HHH000204: Processing PersistenceUnitInfo [name: default]
2023-03-16 11:12:18,164 INFO com.zaxxer.hikari.HikariDataSource [restartedMain] HikariPool-2 - Starting...
2023-03-16 11:12:18,164 WARN com.zaxxer.hikari.util.DriverDataSource [restartedMain] Registered driver with driverClassName=com.mysql.jdbc.Driver was not found, trying direct instantiation.
2023-03-16 11:12:18,229 INFO com.zaxxer.hikari.HikariDataSource [restartedMain] HikariPool-2 - Start completed.
2023-03-16 11:12:18,229 INFO org.hibernate.dialect.Dialect [restartedMain] HHH000400: Using dialect: org.hibernate.dialect.MySQL8Dialect
2023-03-16 11:12:18,956 INFO org.hibernate.engine.transaction.jta.platform.internal.JtaPlatformInitiator [restartedMain] HHH000490: Using JtaPlatform implementation: [org.hibernate.engine.transaction.jta.platform.internal.NoJtaPlatform]
2023-03-16 11:12:18,957 INFO org.springframework.orm.jpa.AbstractEntityManagerFactoryBean [restartedMain] Initialized JPA EntityManagerFactory for persistence unit 'default'
2023-03-16 11:12:19,604 INFO org.springframework.beans.factory.annotation.AutowiredAnnotationBeanPostProcessor [restartedMain] Autowired annotation should only be used on methods with parameters: public java.util.List com.example.demo.serviceImpl.UserImpl.getAllUser()
2023-03-16 11:12:19,743 WARN org.springframework.boot.autoconfigure.orm.jpa.JpaBaseConfiguration$JpaWebConfiguration [restartedMain] spring.jpa.open-in-view is enabled by default. Therefore, database queries may be performed during view rendering. Explicitly configure spring.jpa.open-in-view to disable this warning
2023-03-16 11:12:19,771 INFO org.springframework.boot.autoconfigure.web.servlet.WelcomePageHandlerMapping [restartedMain] Adding welcome page: class path resource [static/index.html]
2023-03-16 11:12:20,492 INFO org.springframework.security.web.DefaultSecurityFilterChain [restartedMain] Will secure any request with [org.springframework.security.web.session.DisableEncodeUrlFilter@238465b3, org.springframework.security.web.context.request.async.WebAsyncManagerIntegrationFilter@761a2c05, org.springframework.security.web.context.SecurityContextPersistenceFilter@482c799c, org.springframework.security.web.header.HeaderWriterFilter@3fad17eb, org.springframework.web.filter.CorsFilter@7d3b989c, org.springframework.security.web.authentication.logout.LogoutFilter@35ce10b4, com.example.demo.security.jwt.AuthTokenFilter@86d68aa, org.springframework.security.web.savedrequest.RequestCacheAwareFilter@3d962654, org.springframework.security.web.servletapi.SecurityContextHolderAwareRequestFilter@6a536c42, org.springframework.security.web.authentication.AnonymousAuthenticationFilter@6bb3657c, org.springframework.security.web.session.SessionManagementFilter@11eca9c0, org.springframework.security.web.access.ExceptionTranslationFilter@5885a944, org.springframework.security.web.access.intercept.FilterSecurityInterceptor@4bbbb4ab]
2023-03-16 11:12:20,977 INFO org.springframework.boot.devtools.autoconfigure.OptionalLiveReloadServer [restartedMain] LiveReload server is running on port 35729
2023-03-16 11:12:20,995 INFO org.apache.juli.logging.DirectJDKLog [restartedMain] Starting ProtocolHandler ["http-nio-8080"]
2023-03-16 11:12:21,000 INFO org.springframework.boot.web.embedded.tomcat.TomcatWebServer [restartedMain] Tomcat started on port(s): 8080 (http) with context path ''
2023-03-16 11:12:21,012 INFO org.springframework.boot.StartupInfoLogger [restartedMain] Started HospitalApplication in 6.536 seconds (JVM running for 5480.621)
2023-03-16 11:12:21,016 INFO org.springframework.boot.devtools.autoconfigure.ConditionEvaluationDeltaLoggingListener [restartedMain] Condition evaluation unchanged
2023-03-16 11:46:10,630 INFO org.apache.juli.logging.DirectJDKLog [http-nio-8080-exec-1] Initializing Spring DispatcherServlet 'dispatcherServlet'
2023-03-16 11:46:10,631 INFO org.springframework.web.servlet.FrameworkServlet [http-nio-8080-exec-1] Initializing Servlet 'dispatcherServlet'
2023-03-16 11:46:10,634 INFO org.springframework.web.servlet.FrameworkServlet [http-nio-8080-exec-1] Completed initialization in 3 ms
2023-03-16 11:46:10,769 ERROR com.example.demo.security.jwt.JwtUtils [http-nio-8080-exec-1] JWT token is expired: JWT expired at 2023-03-09T11:39:30Z. Current time: 2023-03-16T11:46:10Z, a difference of 605200769 milliseconds.  Allowed clock skew: 0 milliseconds.
2023-03-16 11:46:10,771 ERROR com.example.demo.security.jwt.AuthEntryPointJwt [http-nio-8080-exec-1] Unauthorized error: Full authentication is required to access this resource
2023-03-16 11:46:34,704 ERROR com.example.demo.security.jwt.JwtUtils [http-nio-8080-exec-3] JWT token is expired: JWT expired at 2023-03-09T11:39:30Z. Current time: 2023-03-16T11:46:34Z, a difference of 605224700 milliseconds.  Allowed clock skew: 0 milliseconds.
2023-03-16 11:46:34,705 ERROR com.example.demo.security.jwt.AuthEntryPointJwt [http-nio-8080-exec-3] Unauthorized error: Full authentication is required to access this resource
2023-03-16 11:48:56,216 WARN org.springframework.web.servlet.handler.AbstractHandlerExceptionResolver [http-nio-8080-exec-6] Resolved [com.example.demo.exception.IdNotFoundException: Bad credentials]
2023-03-16 11:50:30,861 WARN org.springframework.web.servlet.handler.AbstractHandlerExceptionResolver [http-nio-8080-exec-9] Resolved [com.example.demo.exception.IdNotFoundException: Bad credentials]
2023-03-16 11:51:34,914 WARN org.springframework.web.servlet.handler.AbstractHandlerExceptionResolver [http-nio-8080-exec-1] Resolved [org.springframework.web.bind.MethodArgumentNotValidException: Validation failed for argument [0] in public org.springframework.http.ResponseEntity<?> com.example.demo.controller.UserController.registerUser(com.example.demo.dto.RequestUser): [Field error in object 'requestUser' on field 'role': rejected value [null]; codes [NotNull.requestUser.role,NotNull.role,NotNull.java.lang.String,NotNull]; arguments [org.springframework.context.support.DefaultMessageSourceResolvable: codes [requestUser.role,role]; arguments []; default message [role]]; default message [must not be null]] ]
2023-03-16 12:00:42,367 ERROR com.example.demo.security.jwt.JwtUtils [http-nio-8080-exec-9] Invalid JWT token: JWT strings must contain exactly 2 period characters. Found: 0
2023-03-16 12:00:42,369 ERROR com.example.demo.security.jwt.AuthEntryPointJwt [http-nio-8080-exec-9] Unauthorized error: Full authentication is required to access this resource
2023-03-16 12:00:44,347 ERROR com.example.demo.security.jwt.JwtUtils [http-nio-8080-exec-8] Invalid JWT token: JWT strings must contain exactly 2 period characters. Found: 0
2023-03-16 12:00:44,348 ERROR com.example.demo.security.jwt.AuthEntryPointJwt [http-nio-8080-exec-8] Unauthorized error: Full authentication is required to access this resource
2023-03-16 12:00:49,351 ERROR com.example.demo.security.jwt.JwtUtils [http-nio-8080-exec-2] Invalid JWT token: JWT strings must contain exactly 2 period characters. Found: 0
2023-03-16 12:00:49,353 ERROR com.example.demo.security.jwt.AuthEntryPointJwt [http-nio-8080-exec-2] Unauthorized error: Full authentication is required to access this resource
2023-03-16 12:00:49,363 ERROR com.example.demo.security.jwt.JwtUtils [http-nio-8080-exec-1] Invalid JWT token: JWT strings must contain exactly 2 period characters. Found: 0
2023-03-16 12:00:49,364 ERROR com.example.demo.security.jwt.AuthEntryPointJwt [http-nio-8080-exec-1] Unauthorized error: Full authentication is required to access this resource
2023-03-16 12:00:54,356 ERROR com.example.demo.security.jwt.JwtUtils [http-nio-8080-exec-3] Invalid JWT token: JWT strings must contain exactly 2 period characters. Found: 0
2023-03-16 12:00:54,358 ERROR com.example.demo.security.jwt.AuthEntryPointJwt [http-nio-8080-exec-3] Unauthorized error: Full authentication is required to access this resource
2023-03-16 12:01:04,615 ERROR com.example.demo.security.jwt.JwtUtils [http-nio-8080-exec-4] Invalid JWT token: JWT strings must contain exactly 2 period characters. Found: 0
2023-03-16 12:01:04,616 ERROR com.example.demo.security.jwt.AuthEntryPointJwt [http-nio-8080-exec-4] Unauthorized error: Full authentication is required to access this resource
2023-03-16 12:01:29,362 ERROR com.example.demo.security.jwt.JwtUtils [http-nio-8080-exec-7] Invalid JWT token: JWT strings must contain exactly 2 period characters. Found: 0
2023-03-16 12:01:29,364 ERROR com.example.demo.security.jwt.AuthEntryPointJwt [http-nio-8080-exec-7] Unauthorized error: Full authentication is required to access this resource
2023-03-16 12:01:30,368 ERROR com.example.demo.security.jwt.JwtUtils [http-nio-8080-exec-8] Invalid JWT token: JWT strings must contain exactly 2 period characters. Found: 0
2023-03-16 12:01:30,369 ERROR com.example.demo.security.jwt.AuthEntryPointJwt [http-nio-8080-exec-8] Unauthorized error: Full authentication is required to access this resource
2023-03-16 12:01:32,366 ERROR com.example.demo.security.jwt.JwtUtils [http-nio-8080-exec-10] Invalid JWT token: JWT strings must contain exactly 2 period characters. Found: 0
2023-03-16 12:01:32,367 ERROR com.example.demo.security.jwt.AuthEntryPointJwt [http-nio-8080-exec-10] Unauthorized error: Full authentication is required to access this resource
2023-03-16 12:01:36,721 ERROR com.example.demo.security.jwt.JwtUtils [http-nio-8080-exec-2] Invalid JWT token: JWT strings must contain exactly 2 period characters. Found: 0
2023-03-16 12:01:36,723 ERROR com.example.demo.security.jwt.AuthEntryPointJwt [http-nio-8080-exec-2] Unauthorized error: Full authentication is required to access this resource
2023-03-16 12:01:48,371 ERROR com.example.demo.security.jwt.JwtUtils [http-nio-8080-exec-3] Invalid JWT token: JWT strings must contain exactly 2 period characters. Found: 0
2023-03-16 12:01:48,373 ERROR com.example.demo.security.jwt.AuthEntryPointJwt [http-nio-8080-exec-3] Unauthorized error: Full authentication is required to access this resource
2023-03-16 12:39:36,632 INFO org.springframework.boot.StartupInfoLogger [restartedMain] Starting HospitalApplication using Java 17.0.4.1 on DESKTOP-3U6BKIP with PID 2988 (C:\Users\admin\Documents\workspace-spring-tool-suite-4-4.16.1.RELEASE\hospital\target\classes started by admin in C:\Users\admin\Documents\workspace-spring-tool-suite-4-4.16.1.RELEASE\hospital)
2023-03-16 12:39:36,612 INFO org.hibernate.validator.internal.util.Version [background-preinit] HV000001: Hibernate Validator 6.2.5.Final
2023-03-16 12:39:36,636 INFO org.springframework.boot.SpringApplication [restartedMain] No active profile set, falling back to 1 default profile: "default"
2023-03-16 12:39:36,905 INFO org.springframework.boot.logging.DeferredLog [restartedMain] Devtools property defaults active! Set 'spring.devtools.add-properties' to 'false' to disable
2023-03-16 12:39:36,906 INFO org.springframework.boot.logging.DeferredLog [restartedMain] For additional web related logging consider setting the 'logging.level.web' property to 'DEBUG'
2023-03-16 12:39:37,209 INFO org.springframework.boot.StartupInfoLogger [restartedMain] Starting HospitalApplication using Java 17.0.4.1 on DESKTOP-3U6BKIP with PID 2984 (C:\Users\admin\Documents\workspace-spring-tool-suite-4-4.16.1.RELEASE\hospital\target\classes started by admin in C:\Users\admin\Documents\workspace-spring-tool-suite-4-4.16.1.RELEASE\hospital)
2023-03-16 12:39:37,212 INFO org.springframework.boot.SpringApplication [restartedMain] No active profile set, falling back to 1 default profile: "default"
2023-03-16 12:39:37,214 INFO org.hibernate.validator.internal.util.Version [background-preinit] HV000001: Hibernate Validator 6.2.5.Final
2023-03-16 12:39:37,459 INFO org.springframework.boot.logging.DeferredLog [restartedMain] Devtools property defaults active! Set 'spring.devtools.add-properties' to 'false' to disable
2023-03-16 12:39:37,460 INFO org.springframework.boot.logging.DeferredLog [restartedMain] For additional web related logging consider setting the 'logging.level.web' property to 'DEBUG'
2023-03-16 12:39:40,362 INFO org.springframework.data.repository.config.RepositoryConfigurationDelegate [restartedMain] Bootstrapping Spring Data JPA repositories in DEFAULT mode.
2023-03-16 12:39:41,302 INFO org.springframework.data.repository.config.RepositoryConfigurationDelegate [restartedMain] Finished Spring Data repository scanning in 918 ms. Found 9 JPA repository interfaces.
2023-03-16 12:39:42,162 INFO org.springframework.data.repository.config.RepositoryConfigurationDelegate [restartedMain] Bootstrapping Spring Data JPA repositories in DEFAULT mode.
2023-03-16 12:39:42,674 INFO org.springframework.data.repository.config.RepositoryConfigurationDelegate [restartedMain] Finished Spring Data repository scanning in 414 ms. Found 9 JPA repository interfaces.
2023-03-16 12:39:48,162 INFO org.hibernate.validator.internal.util.Version [background-preinit] HV000001: Hibernate Validator 6.2.5.Final
2023-03-16 12:39:48,178 INFO org.springframework.boot.StartupInfoLogger [restartedMain] Starting HospitalApplication using Java 17.0.4.1 on DESKTOP-3U6BKIP with PID 4256 (C:\Users\admin\Documents\workspace-spring-tool-suite-4-4.16.1.RELEASE\hospital\target\classes started by admin in C:\Users\admin\Documents\workspace-spring-tool-suite-4-4.16.1.RELEASE\hospital)
2023-03-16 12:39:48,180 INFO org.springframework.boot.SpringApplication [restartedMain] No active profile set, falling back to 1 default profile: "default"
2023-03-16 12:39:48,276 INFO org.springframework.boot.logging.DeferredLog [restartedMain] Devtools property defaults active! Set 'spring.devtools.add-properties' to 'false' to disable
2023-03-16 12:39:48,276 INFO org.springframework.boot.logging.DeferredLog [restartedMain] For additional web related logging consider setting the 'logging.level.web' property to 'DEBUG'
2023-03-16 12:39:49,679 INFO org.springframework.data.repository.config.RepositoryConfigurationDelegate [restartedMain] Bootstrapping Spring Data JPA repositories in DEFAULT mode.
2023-03-16 12:39:49,826 INFO org.springframework.data.repository.config.RepositoryConfigurationDelegate [restartedMain] Finished Spring Data repository scanning in 131 ms. Found 9 JPA repository interfaces.
2023-03-16 12:39:50,737 INFO org.springframework.boot.web.embedded.tomcat.TomcatWebServer [restartedMain] Tomcat initialized with port(s): 8080 (http)
2023-03-16 12:39:50,756 INFO org.apache.juli.logging.DirectJDKLog [restartedMain] Initializing ProtocolHandler ["http-nio-8080"]
2023-03-16 12:39:50,757 INFO org.apache.juli.logging.DirectJDKLog [restartedMain] Starting service [Tomcat]
2023-03-16 12:39:50,758 INFO org.apache.juli.logging.DirectJDKLog [restartedMain] Starting Servlet engine: [Apache Tomcat/9.0.70]
2023-03-16 12:39:50,885 INFO org.apache.juli.logging.DirectJDKLog [restartedMain] Initializing Spring embedded WebApplicationContext
2023-03-16 12:39:50,886 INFO org.springframework.boot.web.servlet.context.ServletWebServerApplicationContext [restartedMain] Root WebApplicationContext: initialization completed in 2608 ms
2023-03-16 12:39:51,157 INFO org.hibernate.jpa.internal.util.LogHelper [restartedMain] HHH000204: Processing PersistenceUnitInfo [name: default]
2023-03-16 12:39:51,254 INFO org.hibernate.Version [restartedMain] HHH000412: Hibernate ORM core version 5.6.14.Final
2023-03-16 12:39:51,539 INFO org.hibernate.annotations.common.reflection.java.JavaReflectionManager [restartedMain] HCANN000001: Hibernate Commons Annotations {5.1.2.Final}
2023-03-16 12:39:51,754 INFO com.zaxxer.hikari.HikariDataSource [restartedMain] HikariPool-1 - Starting...
2023-03-16 12:39:51,765 WARN com.zaxxer.hikari.util.DriverDataSource [restartedMain] Registered driver with driverClassName=com.mysql.jdbc.Driver was not found, trying direct instantiation.
2023-03-16 12:39:52,392 INFO com.zaxxer.hikari.HikariDataSource [restartedMain] HikariPool-1 - Start completed.
2023-03-16 12:39:52,439 INFO org.hibernate.dialect.Dialect [restartedMain] HHH000400: Using dialect: org.hibernate.dialect.MySQL8Dialect
2023-03-16 12:39:54,234 INFO org.hibernate.engine.transaction.jta.platform.internal.JtaPlatformInitiator [restartedMain] HHH000490: Using JtaPlatform implementation: [org.hibernate.engine.transaction.jta.platform.internal.NoJtaPlatform]
2023-03-16 12:39:54,252 INFO org.springframework.orm.jpa.AbstractEntityManagerFactoryBean [restartedMain] Initialized JPA EntityManagerFactory for persistence unit 'default'
2023-03-16 12:39:55,517 INFO org.springframework.beans.factory.annotation.AutowiredAnnotationBeanPostProcessor [restartedMain] Autowired annotation should only be used on methods with parameters: public java.util.List com.example.demo.serviceImpl.UserImpl.getAllUser()
2023-03-16 12:39:55,970 WARN org.springframework.boot.autoconfigure.orm.jpa.JpaBaseConfiguration$JpaWebConfiguration [restartedMain] spring.jpa.open-in-view is enabled by default. Therefore, database queries may be performed during view rendering. Explicitly configure spring.jpa.open-in-view to disable this warning
2023-03-16 12:39:56,017 INFO org.springframework.boot.autoconfigure.web.servlet.WelcomePageHandlerMapping [restartedMain] Adding welcome page: class path resource [static/index.html]
2023-03-16 12:39:56,880 INFO org.springframework.security.web.DefaultSecurityFilterChain [restartedMain] Will secure any request with [org.springframework.security.web.session.DisableEncodeUrlFilter@43505c8e, org.springframework.security.web.context.request.async.WebAsyncManagerIntegrationFilter@e25a3aa, org.springframework.security.web.context.SecurityContextPersistenceFilter@550a6208, org.springframework.security.web.header.HeaderWriterFilter@49e0f039, org.springframework.web.filter.CorsFilter@235184ed, org.springframework.security.web.authentication.logout.LogoutFilter@3c32a181, com.example.demo.security.jwt.AuthTokenFilter@3a58c685, org.springframework.security.web.savedrequest.RequestCacheAwareFilter@3701cf64, org.springframework.security.web.servletapi.SecurityContextHolderAwareRequestFilter@7e5289c, org.springframework.security.web.authentication.AnonymousAuthenticationFilter@65a4f87c, org.springframework.security.web.session.SessionManagementFilter@7f948779, org.springframework.security.web.access.ExceptionTranslationFilter@74ab7b87, org.springframework.security.web.access.intercept.FilterSecurityInterceptor@4b00d711]
2023-03-16 12:39:57,350 INFO org.springframework.boot.devtools.autoconfigure.OptionalLiveReloadServer [restartedMain] LiveReload server is running on port 35729
2023-03-16 12:39:57,392 INFO org.apache.juli.logging.DirectJDKLog [restartedMain] Starting ProtocolHandler ["http-nio-8080"]
2023-03-16 12:39:57,442 INFO org.springframework.boot.web.embedded.tomcat.TomcatWebServer [restartedMain] Tomcat started on port(s): 8080 (http) with context path ''
2023-03-16 12:39:57,464 INFO org.springframework.boot.StartupInfoLogger [restartedMain] Started HospitalApplication in 10.122 seconds (JVM running for 11.999)
2023-03-16 13:03:10,247 INFO org.apache.juli.logging.DirectJDKLog [http-nio-8080-exec-2] Initializing Spring DispatcherServlet 'dispatcherServlet'
2023-03-16 13:03:10,248 INFO org.springframework.web.servlet.FrameworkServlet [http-nio-8080-exec-2] Initializing Servlet 'dispatcherServlet'
2023-03-16 13:03:10,252 INFO org.springframework.web.servlet.FrameworkServlet [http-nio-8080-exec-2] Completed initialization in 3 ms
2023-03-16 13:18:01,242 INFO org.springframework.boot.admin.SpringApplicationAdminMXBeanRegistrar$SpringApplicationAdmin [RMI TCP Connection(40)-127.0.0.1] Application shutdown requested.
2023-03-16 13:18:01,258 INFO org.apache.juli.logging.DirectJDKLog [RMI TCP Connection(40)-127.0.0.1] Pausing ProtocolHandler ["http-nio-8080"]
2023-03-16 13:18:01,258 INFO org.apache.juli.logging.DirectJDKLog [RMI TCP Connection(40)-127.0.0.1] Stopping service [Tomcat]
2023-03-16 13:18:01,261 INFO org.apache.juli.logging.DirectJDKLog [RMI TCP Connection(40)-127.0.0.1] Destroying Spring FrameworkServlet 'dispatcherServlet'
2023-03-16 13:18:01,266 WARN org.apache.juli.logging.DirectJDKLog [RMI TCP Connection(40)-127.0.0.1] The web application [ROOT] appears to have started a thread named [HikariPool-1 housekeeper] but has failed to stop it. This is very likely to create a memory leak. Stack trace of thread:
 java.base@17.0.4.1/jdk.internal.misc.Unsafe.park(Native Method)
 java.base@17.0.4.1/java.util.concurrent.locks.LockSupport.parkNanos(LockSupport.java:252)
 java.base@17.0.4.1/java.util.concurrent.locks.AbstractQueuedSynchronizer$ConditionObject.awaitNanos(AbstractQueuedSynchronizer.java:1672)
 java.base@17.0.4.1/java.util.concurrent.ScheduledThreadPoolExecutor$DelayedWorkQueue.take(ScheduledThreadPoolExecutor.java:1182)
 java.base@17.0.4.1/java.util.concurrent.ScheduledThreadPoolExecutor$DelayedWorkQueue.take(ScheduledThreadPoolExecutor.java:899)
 java.base@17.0.4.1/java.util.concurrent.ThreadPoolExecutor.getTask(ThreadPoolExecutor.java:1062)
 java.base@17.0.4.1/java.util.concurrent.ThreadPoolExecutor.runWorker(ThreadPoolExecutor.java:1122)
 java.base@17.0.4.1/java.util.concurrent.ThreadPoolExecutor$Worker.run(ThreadPoolExecutor.java:635)
 java.base@17.0.4.1/java.lang.Thread.run(Thread.java:833)
2023-03-16 13:18:01,267 INFO org.apache.juli.logging.DirectJDKLog [RMI TCP Connection(40)-127.0.0.1] Stopping ProtocolHandler ["http-nio-8080"]
2023-03-16 13:18:01,270 INFO org.apache.juli.logging.DirectJDKLog [RMI TCP Connection(40)-127.0.0.1] Destroying ProtocolHandler ["http-nio-8080"]
2023-03-16 13:18:01,280 INFO org.springframework.orm.jpa.AbstractEntityManagerFactoryBean [RMI TCP Connection(40)-127.0.0.1] Closing JPA EntityManagerFactory for persistence unit 'default'
2023-03-16 13:18:01,285 INFO com.zaxxer.hikari.HikariDataSource [RMI TCP Connection(40)-127.0.0.1] HikariPool-1 - Shutdown initiated...
2023-03-16 13:18:01,291 INFO com.zaxxer.hikari.HikariDataSource [RMI TCP Connection(40)-127.0.0.1] HikariPool-1 - Shutdown completed.
