2023-03-25 09:19:18,944 INFO org.hibernate.validator.internal.util.Version [background-preinit] HV000001: Hibernate Validator 6.2.5.Final
2023-03-25 09:19:18,954 INFO org.springframework.boot.StartupInfoLogger [restartedMain] Starting HospitalApplication using Java 17.0.4.1 on DESKTOP-3U6BKIP with PID 10604 (C:\Users\admin\Documents\workspace-spring-tool-suite-4-4.16.1.RELEASE\hospital\target\classes started by admin in C:\Users\admin\Documents\workspace-spring-tool-suite-4-4.16.1.RELEASE\hospital)
2023-03-25 09:19:18,956 INFO org.springframework.boot.SpringApplication [restartedMain] No active profile set, falling back to 1 default profile: "default"
2023-03-25 09:19:19,042 INFO org.springframework.boot.logging.DeferredLog [restartedMain] Devtools property defaults active! Set 'spring.devtools.add-properties' to 'false' to disable
2023-03-25 09:19:19,043 INFO org.springframework.boot.logging.DeferredLog [restartedMain] For additional web related logging consider setting the 'logging.level.web' property to 'DEBUG'
2023-03-25 09:19:20,143 INFO org.springframework.data.repository.config.RepositoryConfigurationDelegate [restartedMain] Bootstrapping Spring Data JPA repositories in DEFAULT mode.
2023-03-25 09:19:20,279 INFO org.springframework.data.repository.config.RepositoryConfigurationDelegate [restartedMain] Finished Spring Data repository scanning in 117 ms. Found 9 JPA repository interfaces.
2023-03-25 09:19:21,117 INFO org.springframework.boot.web.embedded.tomcat.TomcatWebServer [restartedMain] Tomcat initialized with port(s): 8080 (http)
2023-03-25 09:19:21,134 INFO org.apache.juli.logging.DirectJDKLog [restartedMain] Initializing ProtocolHandler ["http-nio-8080"]
2023-03-25 09:19:21,135 INFO org.apache.juli.logging.DirectJDKLog [restartedMain] Starting service [Tomcat]
2023-03-25 09:19:21,136 INFO org.apache.juli.logging.DirectJDKLog [restartedMain] Starting Servlet engine: [Apache Tomcat/9.0.70]
2023-03-25 09:19:21,255 INFO org.apache.juli.logging.DirectJDKLog [restartedMain] Initializing Spring embedded WebApplicationContext
2023-03-25 09:19:21,256 INFO org.springframework.boot.web.servlet.context.ServletWebServerApplicationContext [restartedMain] Root WebApplicationContext: initialization completed in 2211 ms
2023-03-25 09:19:21,468 INFO org.hibernate.jpa.internal.util.LogHelper [restartedMain] HHH000204: Processing PersistenceUnitInfo [name: default]
2023-03-25 09:19:21,552 INFO org.hibernate.Version [restartedMain] HHH000412: Hibernate ORM core version 5.6.14.Final
2023-03-25 09:19:21,793 INFO org.hibernate.annotations.common.reflection.java.JavaReflectionManager [restartedMain] HCANN000001: Hibernate Commons Annotations {5.1.2.Final}
2023-03-25 09:19:21,936 INFO com.zaxxer.hikari.HikariDataSource [restartedMain] HikariPool-1 - Starting...
2023-03-25 09:19:21,943 WARN com.zaxxer.hikari.util.DriverDataSource [restartedMain] Registered driver with driverClassName=com.mysql.jdbc.Driver was not found, trying direct instantiation.
2023-03-25 09:19:22,364 INFO com.zaxxer.hikari.HikariDataSource [restartedMain] HikariPool-1 - Start completed.
2023-03-25 09:19:22,414 INFO org.hibernate.dialect.Dialect [restartedMain] HHH000400: Using dialect: org.hibernate.dialect.MySQL8Dialect
2023-03-25 09:19:23,797 INFO org.hibernate.engine.transaction.jta.platform.internal.JtaPlatformInitiator [restartedMain] HHH000490: Using JtaPlatform implementation: [org.hibernate.engine.transaction.jta.platform.internal.NoJtaPlatform]
2023-03-25 09:19:23,811 INFO org.springframework.orm.jpa.AbstractEntityManagerFactoryBean [restartedMain] Initialized JPA EntityManagerFactory for persistence unit 'default'
2023-03-25 09:19:24,728 INFO org.springframework.beans.factory.annotation.AutowiredAnnotationBeanPostProcessor [restartedMain] Autowired annotation should only be used on methods with parameters: public java.util.List com.example.demo.serviceImpl.UserImpl.getAllUser()
2023-03-25 09:19:25,102 WARN org.springframework.boot.autoconfigure.orm.jpa.JpaBaseConfiguration$JpaWebConfiguration [restartedMain] spring.jpa.open-in-view is enabled by default. Therefore, database queries may be performed during view rendering. Explicitly configure spring.jpa.open-in-view to disable this warning
2023-03-25 09:19:25,141 INFO org.springframework.boot.autoconfigure.web.servlet.WelcomePageHandlerMapping [restartedMain] Adding welcome page: class path resource [static/index.html]
2023-03-25 09:19:25,973 INFO org.springframework.security.web.DefaultSecurityFilterChain [restartedMain] Will secure any request with [org.springframework.security.web.session.DisableEncodeUrlFilter@a866c5b, org.springframework.security.web.context.request.async.WebAsyncManagerIntegrationFilter@1005b5eb, org.springframework.security.web.context.SecurityContextPersistenceFilter@6283eb95, org.springframework.security.web.header.HeaderWriterFilter@5ac6a6da, org.springframework.web.filter.CorsFilter@40e6d1f4, org.springframework.security.web.authentication.logout.LogoutFilter@753cf143, com.example.demo.security.jwt.AuthTokenFilter@578dfd2f, org.springframework.security.web.savedrequest.RequestCacheAwareFilter@7460c334, org.springframework.security.web.servletapi.SecurityContextHolderAwareRequestFilter@75cad517, org.springframework.security.web.authentication.AnonymousAuthenticationFilter@57f5b0bc, org.springframework.security.web.session.SessionManagementFilter@77d2c34c, org.springframework.security.web.access.ExceptionTranslationFilter@3480d1a9, org.springframework.security.web.access.intercept.FilterSecurityInterceptor@38d449a1]
2023-03-25 09:19:26,370 INFO org.springframework.boot.devtools.autoconfigure.OptionalLiveReloadServer [restartedMain] LiveReload server is running on port 35729
2023-03-25 09:19:26,402 INFO org.apache.juli.logging.DirectJDKLog [restartedMain] Starting ProtocolHandler ["http-nio-8080"]
2023-03-25 09:19:26,434 INFO org.springframework.boot.web.embedded.tomcat.TomcatWebServer [restartedMain] Tomcat started on port(s): 8080 (http) with context path ''
2023-03-25 09:19:26,449 INFO org.springframework.boot.StartupInfoLogger [restartedMain] Started HospitalApplication in 8.162 seconds (JVM running for 9.612)
2023-03-25 09:25:29,576 INFO org.apache.juli.logging.DirectJDKLog [http-nio-8080-exec-1] Initializing Spring DispatcherServlet 'dispatcherServlet'
2023-03-25 09:25:29,576 INFO org.springframework.web.servlet.FrameworkServlet [http-nio-8080-exec-1] Initializing Servlet 'dispatcherServlet'
2023-03-25 09:25:29,581 INFO org.springframework.web.servlet.FrameworkServlet [http-nio-8080-exec-1] Completed initialization in 4 ms
2023-03-25 10:22:50,939 INFO org.springframework.boot.StartupInfoLogger [restartedMain] Starting HospitalApplication using Java 17.0.4.1 on DESKTOP-3U6BKIP with PID 12296 (C:\Users\admin\Documents\workspace-spring-tool-suite-4-4.16.1.RELEASE\hospital\target\classes started by admin in C:\Users\admin\Documents\workspace-spring-tool-suite-4-4.16.1.RELEASE\hospital)
2023-03-25 10:22:50,941 INFO org.hibernate.validator.internal.util.Version [background-preinit] HV000001: Hibernate Validator 6.2.5.Final
2023-03-25 10:22:50,942 INFO org.springframework.boot.SpringApplication [restartedMain] No active profile set, falling back to 1 default profile: "default"
2023-03-25 10:22:51,049 INFO org.springframework.boot.logging.DeferredLog [restartedMain] Devtools property defaults active! Set 'spring.devtools.add-properties' to 'false' to disable
2023-03-25 10:22:51,050 INFO org.springframework.boot.logging.DeferredLog [restartedMain] For additional web related logging consider setting the 'logging.level.web' property to 'DEBUG'
2023-03-25 10:22:52,706 INFO org.springframework.data.repository.config.RepositoryConfigurationDelegate [restartedMain] Bootstrapping Spring Data JPA repositories in DEFAULT mode.
2023-03-25 10:22:52,936 INFO org.springframework.data.repository.config.RepositoryConfigurationDelegate [restartedMain] Finished Spring Data repository scanning in 210 ms. Found 9 JPA repository interfaces.
2023-03-25 10:22:54,770 INFO org.springframework.boot.web.embedded.tomcat.TomcatWebServer [restartedMain] Tomcat initialized with port(s): 8080 (http)
2023-03-25 10:22:54,791 INFO org.apache.juli.logging.DirectJDKLog [restartedMain] Initializing ProtocolHandler ["http-nio-8080"]
2023-03-25 10:22:54,793 INFO org.apache.juli.logging.DirectJDKLog [restartedMain] Starting service [Tomcat]
2023-03-25 10:22:54,794 INFO org.apache.juli.logging.DirectJDKLog [restartedMain] Starting Servlet engine: [Apache Tomcat/9.0.70]
2023-03-25 10:22:54,960 INFO org.apache.juli.logging.DirectJDKLog [restartedMain] Initializing Spring embedded WebApplicationContext
2023-03-25 10:22:54,961 INFO org.springframework.boot.web.servlet.context.ServletWebServerApplicationContext [restartedMain] Root WebApplicationContext: initialization completed in 3910 ms
2023-03-25 10:22:55,283 INFO org.hibernate.jpa.internal.util.LogHelper [restartedMain] HHH000204: Processing PersistenceUnitInfo [name: default]
2023-03-25 10:22:55,417 INFO org.hibernate.Version [restartedMain] HHH000412: Hibernate ORM core version 5.6.14.Final
2023-03-25 10:22:55,804 INFO org.hibernate.annotations.common.reflection.java.JavaReflectionManager [restartedMain] HCANN000001: Hibernate Commons Annotations {5.1.2.Final}
2023-03-25 10:22:56,040 INFO com.zaxxer.hikari.HikariDataSource [restartedMain] HikariPool-1 - Starting...
2023-03-25 10:22:56,050 WARN com.zaxxer.hikari.util.DriverDataSource [restartedMain] Registered driver with driverClassName=com.mysql.jdbc.Driver was not found, trying direct instantiation.
2023-03-25 10:22:56,735 INFO com.zaxxer.hikari.HikariDataSource [restartedMain] HikariPool-1 - Start completed.
2023-03-25 10:22:56,804 INFO org.hibernate.dialect.Dialect [restartedMain] HHH000400: Using dialect: org.hibernate.dialect.MySQL8Dialect
2023-03-25 10:22:59,064 INFO org.hibernate.engine.transaction.jta.platform.internal.JtaPlatformInitiator [restartedMain] HHH000490: Using JtaPlatform implementation: [org.hibernate.engine.transaction.jta.platform.internal.NoJtaPlatform]
2023-03-25 10:22:59,089 INFO org.springframework.orm.jpa.AbstractEntityManagerFactoryBean [restartedMain] Initialized JPA EntityManagerFactory for persistence unit 'default'
2023-03-25 10:23:01,034 INFO org.springframework.beans.factory.annotation.AutowiredAnnotationBeanPostProcessor [restartedMain] Autowired annotation should only be used on methods with parameters: public java.util.List com.example.demo.serviceImpl.UserImpl.getAllUser()
2023-03-25 10:23:01,771 WARN org.springframework.boot.autoconfigure.orm.jpa.JpaBaseConfiguration$JpaWebConfiguration [restartedMain] spring.jpa.open-in-view is enabled by default. Therefore, database queries may be performed during view rendering. Explicitly configure spring.jpa.open-in-view to disable this warning
2023-03-25 10:23:01,831 INFO org.springframework.boot.autoconfigure.web.servlet.WelcomePageHandlerMapping [restartedMain] Adding welcome page: class path resource [static/index.html]
2023-03-25 10:23:02,959 INFO org.springframework.security.web.DefaultSecurityFilterChain [restartedMain] Will secure any request with [org.springframework.security.web.session.DisableEncodeUrlFilter@57d61716, org.springframework.security.web.context.request.async.WebAsyncManagerIntegrationFilter@14754fa8, org.springframework.security.web.context.SecurityContextPersistenceFilter@180a9e44, org.springframework.security.web.header.HeaderWriterFilter@2f56db46, org.springframework.web.filter.CorsFilter@7ac9c1cf, org.springframework.security.web.authentication.logout.LogoutFilter@38b1d4d1, com.example.demo.security.jwt.AuthTokenFilter@6d12da7a, org.springframework.security.web.savedrequest.RequestCacheAwareFilter@1511368c, org.springframework.security.web.servletapi.SecurityContextHolderAwareRequestFilter@2a31297a, org.springframework.security.web.authentication.AnonymousAuthenticationFilter@13193599, org.springframework.security.web.session.SessionManagementFilter@1bdbad88, org.springframework.security.web.access.ExceptionTranslationFilter@3eef7bc5, org.springframework.security.web.access.intercept.FilterSecurityInterceptor@6370b742]
2023-03-25 10:23:03,559 INFO org.springframework.boot.devtools.autoconfigure.OptionalLiveReloadServer [restartedMain] LiveReload server is running on port 35729
2023-03-25 10:23:03,611 INFO org.apache.juli.logging.DirectJDKLog [restartedMain] Starting ProtocolHandler ["http-nio-8080"]
2023-03-25 10:23:03,653 INFO org.springframework.boot.web.embedded.tomcat.TomcatWebServer [restartedMain] Tomcat started on port(s): 8080 (http) with context path ''
2023-03-25 10:23:03,675 INFO org.springframework.boot.StartupInfoLogger [restartedMain] Started HospitalApplication in 13.674 seconds (JVM running for 15.595)
2023-03-25 10:28:31,853 INFO org.apache.juli.logging.DirectJDKLog [http-nio-8080-exec-1] Initializing Spring DispatcherServlet 'dispatcherServlet'
2023-03-25 10:28:31,854 INFO org.springframework.web.servlet.FrameworkServlet [http-nio-8080-exec-1] Initializing Servlet 'dispatcherServlet'
2023-03-25 10:28:31,857 INFO org.springframework.web.servlet.FrameworkServlet [http-nio-8080-exec-1] Completed initialization in 2 ms
2023-03-25 10:40:53,493 INFO com.example.demo.controller.SlotController [http-nio-8080-exec-5] Get slot by hospital id 
2023-03-25 11:47:14,192 ERROR com.example.demo.security.jwt.JwtUtils [http-nio-8080-exec-2] Invalid JWT token: JWT strings must contain exactly 2 period characters. Found: 0
2023-03-25 11:47:14,207 ERROR com.example.demo.security.jwt.AuthEntryPointJwt [http-nio-8080-exec-2] Unauthorized error: Full authentication is required to access this resource
2023-03-25 11:47:42,263 ERROR com.example.demo.security.jwt.JwtUtils [http-nio-8080-exec-4] Invalid JWT token: JWT strings must contain exactly 2 period characters. Found: 0
2023-03-25 11:47:42,264 ERROR com.example.demo.security.jwt.AuthEntryPointJwt [http-nio-8080-exec-4] Unauthorized error: Full authentication is required to access this resource
2023-03-25 11:47:50,167 ERROR com.example.demo.security.jwt.JwtUtils [http-nio-8080-exec-5] Invalid JWT token: JWT strings must contain exactly 2 period characters. Found: 0
2023-03-25 11:47:50,169 ERROR com.example.demo.security.jwt.AuthEntryPointJwt [http-nio-8080-exec-5] Unauthorized error: Full authentication is required to access this resource
2023-03-25 11:47:52,786 ERROR com.example.demo.security.jwt.JwtUtils [http-nio-8080-exec-6] Invalid JWT token: JWT strings must contain exactly 2 period characters. Found: 0
2023-03-25 11:47:52,789 ERROR com.example.demo.security.jwt.AuthEntryPointJwt [http-nio-8080-exec-6] Unauthorized error: Full authentication is required to access this resource
2023-03-25 11:47:58,617 ERROR com.example.demo.security.jwt.JwtUtils [http-nio-8080-exec-8] Invalid JWT token: JWT strings must contain exactly 2 period characters. Found: 0
2023-03-25 11:47:58,618 ERROR com.example.demo.security.jwt.AuthEntryPointJwt [http-nio-8080-exec-8] Unauthorized error: Full authentication is required to access this resource
2023-03-25 11:48:03,423 ERROR com.example.demo.security.jwt.JwtUtils [http-nio-8080-exec-10] Invalid JWT token: JWT strings must contain exactly 2 period characters. Found: 0
2023-03-25 11:48:03,425 ERROR com.example.demo.security.jwt.AuthEntryPointJwt [http-nio-8080-exec-10] Unauthorized error: Full authentication is required to access this resource
2023-03-25 11:48:10,558 ERROR com.example.demo.security.jwt.JwtUtils [http-nio-8080-exec-9] Invalid JWT token: JWT strings must contain exactly 2 period characters. Found: 0
2023-03-25 11:48:10,559 ERROR com.example.demo.security.jwt.AuthEntryPointJwt [http-nio-8080-exec-9] Unauthorized error: Full authentication is required to access this resource
2023-03-25 11:48:13,405 ERROR com.example.demo.security.jwt.JwtUtils [http-nio-8080-exec-1] Invalid JWT token: JWT strings must contain exactly 2 period characters. Found: 0
2023-03-25 11:48:13,406 ERROR com.example.demo.security.jwt.AuthEntryPointJwt [http-nio-8080-exec-1] Unauthorized error: Full authentication is required to access this resource
2023-03-25 11:48:14,672 ERROR com.example.demo.security.jwt.JwtUtils [http-nio-8080-exec-2] Invalid JWT token: JWT strings must contain exactly 2 period characters. Found: 0
2023-03-25 11:48:14,675 ERROR com.example.demo.security.jwt.AuthEntryPointJwt [http-nio-8080-exec-2] Unauthorized error: Full authentication is required to access this resource
2023-03-25 11:48:14,863 ERROR com.example.demo.security.jwt.JwtUtils [http-nio-8080-exec-3] Invalid JWT token: JWT strings must contain exactly 2 period characters. Found: 0
2023-03-25 11:48:14,864 ERROR com.example.demo.security.jwt.AuthEntryPointJwt [http-nio-8080-exec-3] Unauthorized error: Full authentication is required to access this resource
2023-03-25 11:48:15,112 ERROR com.example.demo.security.jwt.JwtUtils [http-nio-8080-exec-4] Invalid JWT token: JWT strings must contain exactly 2 period characters. Found: 0
2023-03-25 11:48:15,113 ERROR com.example.demo.security.jwt.AuthEntryPointJwt [http-nio-8080-exec-4] Unauthorized error: Full authentication is required to access this resource
2023-03-25 11:48:20,402 ERROR com.example.demo.security.jwt.JwtUtils [http-nio-8080-exec-6] Invalid JWT token: JWT strings must contain exactly 2 period characters. Found: 0
2023-03-25 11:48:20,403 ERROR com.example.demo.security.jwt.AuthEntryPointJwt [http-nio-8080-exec-6] Unauthorized error: Full authentication is required to access this resource
2023-03-25 11:48:25,165 ERROR com.example.demo.security.jwt.JwtUtils [http-nio-8080-exec-7] Invalid JWT token: JWT strings must contain exactly 2 period characters. Found: 0
2023-03-25 11:48:25,167 ERROR com.example.demo.security.jwt.AuthEntryPointJwt [http-nio-8080-exec-7] Unauthorized error: Full authentication is required to access this resource
2023-03-25 11:50:12,912 ERROR com.example.demo.security.jwt.JwtUtils [http-nio-8080-exec-10] Invalid JWT token: JWT strings must contain exactly 2 period characters. Found: 0
2023-03-25 11:50:12,913 ERROR com.example.demo.security.jwt.AuthEntryPointJwt [http-nio-8080-exec-10] Unauthorized error: Full authentication is required to access this resource
2023-03-25 11:50:18,693 ERROR com.example.demo.security.jwt.JwtUtils [http-nio-8080-exec-9] Invalid JWT token: JWT strings must contain exactly 2 period characters. Found: 0
2023-03-25 11:50:18,697 ERROR com.example.demo.security.jwt.AuthEntryPointJwt [http-nio-8080-exec-9] Unauthorized error: Full authentication is required to access this resource
2023-03-25 11:50:27,851 ERROR com.example.demo.security.jwt.JwtUtils [http-nio-8080-exec-1] Invalid JWT token: JWT strings must contain exactly 2 period characters. Found: 0
2023-03-25 11:50:27,853 ERROR com.example.demo.security.jwt.AuthEntryPointJwt [http-nio-8080-exec-1] Unauthorized error: Full authentication is required to access this resource
2023-03-25 11:50:29,959 ERROR com.example.demo.security.jwt.JwtUtils [http-nio-8080-exec-2] Invalid JWT token: JWT strings must contain exactly 2 period characters. Found: 0
2023-03-25 11:50:29,962 ERROR com.example.demo.security.jwt.AuthEntryPointJwt [http-nio-8080-exec-2] Unauthorized error: Full authentication is required to access this resource
2023-03-25 11:50:36,117 ERROR com.example.demo.security.jwt.JwtUtils [http-nio-8080-exec-3] Invalid JWT token: JWT strings must contain exactly 2 period characters. Found: 0
2023-03-25 11:50:36,119 ERROR com.example.demo.security.jwt.AuthEntryPointJwt [http-nio-8080-exec-3] Unauthorized error: Full authentication is required to access this resource
2023-03-25 11:50:39,811 ERROR com.example.demo.security.jwt.JwtUtils [http-nio-8080-exec-4] Invalid JWT token: JWT strings must contain exactly 2 period characters. Found: 0
2023-03-25 11:50:39,813 ERROR com.example.demo.security.jwt.AuthEntryPointJwt [http-nio-8080-exec-4] Unauthorized error: Full authentication is required to access this resource
2023-03-25 11:50:44,420 ERROR com.example.demo.security.jwt.JwtUtils [http-nio-8080-exec-6] Invalid JWT token: JWT strings must contain exactly 2 period characters. Found: 0
2023-03-25 11:50:44,421 ERROR com.example.demo.security.jwt.AuthEntryPointJwt [http-nio-8080-exec-6] Unauthorized error: Full authentication is required to access this resource
2023-03-25 11:50:51,497 ERROR com.example.demo.security.jwt.JwtUtils [http-nio-8080-exec-7] Invalid JWT token: JWT strings must contain exactly 2 period characters. Found: 0
2023-03-25 11:50:51,498 ERROR com.example.demo.security.jwt.AuthEntryPointJwt [http-nio-8080-exec-7] Unauthorized error: Full authentication is required to access this resource
2023-03-25 11:50:53,093 ERROR com.example.demo.security.jwt.JwtUtils [http-nio-8080-exec-8] Invalid JWT token: JWT strings must contain exactly 2 period characters. Found: 0
2023-03-25 11:50:53,095 ERROR com.example.demo.security.jwt.AuthEntryPointJwt [http-nio-8080-exec-8] Unauthorized error: Full authentication is required to access this resource
2023-03-25 11:50:53,415 ERROR com.example.demo.security.jwt.JwtUtils [http-nio-8080-exec-10] Invalid JWT token: JWT strings must contain exactly 2 period characters. Found: 0
2023-03-25 11:50:53,415 ERROR com.example.demo.security.jwt.AuthEntryPointJwt [http-nio-8080-exec-10] Unauthorized error: Full authentication is required to access this resource
2023-03-25 11:50:53,595 ERROR com.example.demo.security.jwt.JwtUtils [http-nio-8080-exec-9] Invalid JWT token: JWT strings must contain exactly 2 period characters. Found: 0
2023-03-25 11:50:53,596 ERROR com.example.demo.security.jwt.AuthEntryPointJwt [http-nio-8080-exec-9] Unauthorized error: Full authentication is required to access this resource
2023-03-25 11:50:53,785 ERROR com.example.demo.security.jwt.JwtUtils [http-nio-8080-exec-1] Invalid JWT token: JWT strings must contain exactly 2 period characters. Found: 0
2023-03-25 11:50:53,786 ERROR com.example.demo.security.jwt.AuthEntryPointJwt [http-nio-8080-exec-1] Unauthorized error: Full authentication is required to access this resource
2023-03-25 11:50:53,967 ERROR com.example.demo.security.jwt.JwtUtils [http-nio-8080-exec-2] Invalid JWT token: JWT strings must contain exactly 2 period characters. Found: 0
2023-03-25 11:50:53,970 ERROR com.example.demo.security.jwt.AuthEntryPointJwt [http-nio-8080-exec-2] Unauthorized error: Full authentication is required to access this resource
2023-03-25 11:50:54,176 ERROR com.example.demo.security.jwt.JwtUtils [http-nio-8080-exec-3] Invalid JWT token: JWT strings must contain exactly 2 period characters. Found: 0
2023-03-25 11:50:54,177 ERROR com.example.demo.security.jwt.AuthEntryPointJwt [http-nio-8080-exec-3] Unauthorized error: Full authentication is required to access this resource
2023-03-25 11:51:22,289 ERROR com.example.demo.security.jwt.JwtUtils [http-nio-8080-exec-5] Invalid JWT token: JWT strings must contain exactly 2 period characters. Found: 0
2023-03-25 11:51:22,291 ERROR com.example.demo.security.jwt.AuthEntryPointJwt [http-nio-8080-exec-5] Unauthorized error: Full authentication is required to access this resource
2023-03-25 11:51:25,840 ERROR com.example.demo.security.jwt.JwtUtils [http-nio-8080-exec-6] Invalid JWT token: JWT strings must contain exactly 2 period characters. Found: 0
2023-03-25 11:51:25,842 ERROR com.example.demo.security.jwt.AuthEntryPointJwt [http-nio-8080-exec-6] Unauthorized error: Full authentication is required to access this resource
2023-03-25 11:51:27,478 ERROR com.example.demo.security.jwt.JwtUtils [http-nio-8080-exec-7] Invalid JWT token: JWT strings must contain exactly 2 period characters. Found: 0
2023-03-25 11:51:27,479 ERROR com.example.demo.security.jwt.AuthEntryPointJwt [http-nio-8080-exec-7] Unauthorized error: Full authentication is required to access this resource
2023-03-25 11:51:28,132 ERROR com.example.demo.security.jwt.JwtUtils [http-nio-8080-exec-8] Invalid JWT token: JWT strings must contain exactly 2 period characters. Found: 0
2023-03-25 11:51:28,136 ERROR com.example.demo.security.jwt.AuthEntryPointJwt [http-nio-8080-exec-8] Unauthorized error: Full authentication is required to access this resource
2023-03-25 11:51:28,330 ERROR com.example.demo.security.jwt.JwtUtils [http-nio-8080-exec-10] Invalid JWT token: JWT strings must contain exactly 2 period characters. Found: 0
2023-03-25 11:51:28,332 ERROR com.example.demo.security.jwt.AuthEntryPointJwt [http-nio-8080-exec-10] Unauthorized error: Full authentication is required to access this resource
2023-03-25 11:51:28,553 ERROR com.example.demo.security.jwt.JwtUtils [http-nio-8080-exec-9] Invalid JWT token: JWT strings must contain exactly 2 period characters. Found: 0
2023-03-25 11:51:28,556 ERROR com.example.demo.security.jwt.AuthEntryPointJwt [http-nio-8080-exec-9] Unauthorized error: Full authentication is required to access this resource
2023-03-25 11:51:28,743 ERROR com.example.demo.security.jwt.JwtUtils [http-nio-8080-exec-1] Invalid JWT token: JWT strings must contain exactly 2 period characters. Found: 0
2023-03-25 11:51:28,744 ERROR com.example.demo.security.jwt.AuthEntryPointJwt [http-nio-8080-exec-1] Unauthorized error: Full authentication is required to access this resource
2023-03-25 11:51:42,414 ERROR com.example.demo.security.jwt.JwtUtils [http-nio-8080-exec-3] Invalid JWT token: JWT strings must contain exactly 2 period characters. Found: 0
2023-03-25 11:51:42,415 ERROR com.example.demo.security.jwt.AuthEntryPointJwt [http-nio-8080-exec-3] Unauthorized error: Full authentication is required to access this resource
2023-03-25 11:51:47,128 ERROR com.example.demo.security.jwt.JwtUtils [http-nio-8080-exec-4] Invalid JWT token: JWT strings must contain exactly 2 period characters. Found: 0
2023-03-25 11:51:47,128 ERROR com.example.demo.security.jwt.AuthEntryPointJwt [http-nio-8080-exec-4] Unauthorized error: Full authentication is required to access this resource
2023-03-25 11:52:14,533 ERROR com.example.demo.security.jwt.JwtUtils [http-nio-8080-exec-6] Invalid JWT token: JWT strings must contain exactly 2 period characters. Found: 0
2023-03-25 11:52:14,535 ERROR com.example.demo.security.jwt.AuthEntryPointJwt [http-nio-8080-exec-6] Unauthorized error: Full authentication is required to access this resource
2023-03-25 11:52:22,026 ERROR com.example.demo.security.jwt.JwtUtils [http-nio-8080-exec-8] Invalid JWT token: JWT strings must contain exactly 2 period characters. Found: 0
2023-03-25 11:52:22,027 ERROR com.example.demo.security.jwt.AuthEntryPointJwt [http-nio-8080-exec-8] Unauthorized error: Full authentication is required to access this resource
2023-03-25 11:53:30,060 ERROR com.example.demo.security.jwt.JwtUtils [http-nio-8080-exec-9] Invalid JWT token: JWT strings must contain exactly 2 period characters. Found: 0
2023-03-25 11:53:30,061 ERROR com.example.demo.security.jwt.AuthEntryPointJwt [http-nio-8080-exec-9] Unauthorized error: Full authentication is required to access this resource
2023-03-25 11:56:24,675 ERROR com.example.demo.security.jwt.JwtUtils [http-nio-8080-exec-2] Invalid JWT token: JWT strings must contain exactly 2 period characters. Found: 0
2023-03-25 11:56:24,676 ERROR com.example.demo.security.jwt.AuthEntryPointJwt [http-nio-8080-exec-2] Unauthorized error: Full authentication is required to access this resource
2023-03-25 11:56:25,950 ERROR com.example.demo.security.jwt.JwtUtils [http-nio-8080-exec-3] Invalid JWT token: JWT strings must contain exactly 2 period characters. Found: 0
2023-03-25 11:56:25,951 ERROR com.example.demo.security.jwt.AuthEntryPointJwt [http-nio-8080-exec-3] Unauthorized error: Full authentication is required to access this resource
2023-03-25 11:56:26,306 ERROR com.example.demo.security.jwt.JwtUtils [http-nio-8080-exec-4] Invalid JWT token: JWT strings must contain exactly 2 period characters. Found: 0
2023-03-25 11:56:26,307 ERROR com.example.demo.security.jwt.AuthEntryPointJwt [http-nio-8080-exec-4] Unauthorized error: Full authentication is required to access this resource
2023-03-25 11:56:27,664 ERROR com.example.demo.security.jwt.JwtUtils [http-nio-8080-exec-5] Invalid JWT token: JWT strings must contain exactly 2 period characters. Found: 0
2023-03-25 11:56:27,665 ERROR com.example.demo.security.jwt.AuthEntryPointJwt [http-nio-8080-exec-5] Unauthorized error: Full authentication is required to access this resource
2023-03-25 11:56:28,434 ERROR com.example.demo.security.jwt.JwtUtils [http-nio-8080-exec-6] Invalid JWT token: JWT strings must contain exactly 2 period characters. Found: 0
2023-03-25 11:56:28,435 ERROR com.example.demo.security.jwt.AuthEntryPointJwt [http-nio-8080-exec-6] Unauthorized error: Full authentication is required to access this resource
2023-03-25 11:56:28,704 ERROR com.example.demo.security.jwt.JwtUtils [http-nio-8080-exec-7] Invalid JWT token: JWT strings must contain exactly 2 period characters. Found: 0
2023-03-25 11:56:28,705 ERROR com.example.demo.security.jwt.AuthEntryPointJwt [http-nio-8080-exec-7] Unauthorized error: Full authentication is required to access this resource
2023-03-25 11:56:29,266 ERROR com.example.demo.security.jwt.JwtUtils [http-nio-8080-exec-8] Invalid JWT token: JWT strings must contain exactly 2 period characters. Found: 0
2023-03-25 11:56:29,268 ERROR com.example.demo.security.jwt.AuthEntryPointJwt [http-nio-8080-exec-8] Unauthorized error: Full authentication is required to access this resource
2023-03-25 11:56:29,733 ERROR com.example.demo.security.jwt.JwtUtils [http-nio-8080-exec-10] Invalid JWT token: JWT strings must contain exactly 2 period characters. Found: 0
2023-03-25 11:56:29,735 ERROR com.example.demo.security.jwt.AuthEntryPointJwt [http-nio-8080-exec-10] Unauthorized error: Full authentication is required to access this resource
2023-03-25 11:59:40,902 ERROR com.example.demo.security.jwt.JwtUtils [http-nio-8080-exec-5] Invalid JWT token: JWT strings must contain exactly 2 period characters. Found: 0
2023-03-25 11:59:40,905 ERROR com.example.demo.security.jwt.AuthEntryPointJwt [http-nio-8080-exec-5] Unauthorized error: Full authentication is required to access this resource
2023-03-25 11:59:42,378 ERROR com.example.demo.security.jwt.JwtUtils [http-nio-8080-exec-6] Invalid JWT token: JWT strings must contain exactly 2 period characters. Found: 0
2023-03-25 11:59:42,380 ERROR com.example.demo.security.jwt.AuthEntryPointJwt [http-nio-8080-exec-6] Unauthorized error: Full authentication is required to access this resource
2023-03-25 11:59:42,861 ERROR com.example.demo.security.jwt.JwtUtils [http-nio-8080-exec-7] Invalid JWT token: JWT strings must contain exactly 2 period characters. Found: 0
2023-03-25 11:59:42,862 ERROR com.example.demo.security.jwt.AuthEntryPointJwt [http-nio-8080-exec-7] Unauthorized error: Full authentication is required to access this resource
2023-03-25 11:59:43,140 ERROR com.example.demo.security.jwt.JwtUtils [http-nio-8080-exec-8] Invalid JWT token: JWT strings must contain exactly 2 period characters. Found: 0
2023-03-25 11:59:43,141 ERROR com.example.demo.security.jwt.AuthEntryPointJwt [http-nio-8080-exec-8] Unauthorized error: Full authentication is required to access this resource
2023-03-25 11:59:48,441 ERROR com.example.demo.security.jwt.JwtUtils [http-nio-8080-exec-10] Invalid JWT token: JWT strings must contain exactly 2 period characters. Found: 0
2023-03-25 11:59:48,443 ERROR com.example.demo.security.jwt.AuthEntryPointJwt [http-nio-8080-exec-10] Unauthorized error: Full authentication is required to access this resource
2023-03-25 11:59:54,407 ERROR com.example.demo.security.jwt.JwtUtils [http-nio-8080-exec-9] Invalid JWT token: JWT strings must contain exactly 2 period characters. Found: 0
2023-03-25 11:59:54,408 ERROR com.example.demo.security.jwt.AuthEntryPointJwt [http-nio-8080-exec-9] Unauthorized error: Full authentication is required to access this resource
2023-03-25 11:59:55,034 ERROR com.example.demo.security.jwt.JwtUtils [http-nio-8080-exec-1] Invalid JWT token: JWT strings must contain exactly 2 period characters. Found: 0
2023-03-25 11:59:55,036 ERROR com.example.demo.security.jwt.AuthEntryPointJwt [http-nio-8080-exec-1] Unauthorized error: Full authentication is required to access this resource
2023-03-25 12:07:27,064 WARN org.springframework.web.servlet.handler.AbstractHandlerExceptionResolver [http-nio-8080-exec-8] Resolved [org.springframework.web.multipart.support.MissingServletRequestPartException: Required request part 'imagefile' is not present]
2023-03-25 14:20:32,271 WARN com.zaxxer.hikari.pool.HikariPool$HouseKeeper [HikariPool-1 housekeeper] HikariPool-1 - Thread starvation or clock leap detected (housekeeper delta=58m32s301ms309µs800ns).
2023-03-25 14:42:57,389 INFO com.example.demo.controller.SlotController [http-nio-8080-exec-5] Get slot by hospital id 
2023-03-25 14:44:36,829 INFO com.example.demo.controller.SlotController [http-nio-8080-exec-8] Get slot by hospital id 
2023-03-25 14:46:21,341 INFO com.example.demo.controller.SlotController [http-nio-8080-exec-3] Get slot by hospital id 
2023-03-25 16:38:40,597 INFO org.hibernate.validator.internal.util.Version [background-preinit] HV000001: Hibernate Validator 6.2.5.Final
2023-03-25 16:38:40,599 INFO org.springframework.boot.StartupInfoLogger [restartedMain] Starting HospitalApplication using Java 17.0.4.1 on DESKTOP-3U6BKIP with PID 9504 (C:\Users\admin\Documents\workspace-spring-tool-suite-4-4.16.1.RELEASE\hospital\target\classes started by admin in C:\Users\admin\Documents\workspace-spring-tool-suite-4-4.16.1.RELEASE\hospital)
2023-03-25 16:38:40,601 INFO org.springframework.boot.SpringApplication [restartedMain] No active profile set, falling back to 1 default profile: "default"
2023-03-25 16:38:40,688 INFO org.springframework.boot.logging.DeferredLog [restartedMain] Devtools property defaults active! Set 'spring.devtools.add-properties' to 'false' to disable
2023-03-25 16:38:40,689 INFO org.springframework.boot.logging.DeferredLog [restartedMain] For additional web related logging consider setting the 'logging.level.web' property to 'DEBUG'
2023-03-25 16:38:41,877 INFO org.springframework.data.repository.config.RepositoryConfigurationDelegate [restartedMain] Bootstrapping Spring Data JPA repositories in DEFAULT mode.
2023-03-25 16:38:42,014 INFO org.springframework.data.repository.config.RepositoryConfigurationDelegate [restartedMain] Finished Spring Data repository scanning in 121 ms. Found 9 JPA repository interfaces.
2023-03-25 16:38:42,890 INFO org.springframework.boot.web.embedded.tomcat.TomcatWebServer [restartedMain] Tomcat initialized with port(s): 8080 (http)
2023-03-25 16:38:42,908 INFO org.apache.juli.logging.DirectJDKLog [restartedMain] Initializing ProtocolHandler ["http-nio-8080"]
2023-03-25 16:38:42,910 INFO org.apache.juli.logging.DirectJDKLog [restartedMain] Starting service [Tomcat]
2023-03-25 16:38:42,910 INFO org.apache.juli.logging.DirectJDKLog [restartedMain] Starting Servlet engine: [Apache Tomcat/9.0.70]
2023-03-25 16:38:43,036 INFO org.apache.juli.logging.DirectJDKLog [restartedMain] Initializing Spring embedded WebApplicationContext
2023-03-25 16:38:43,037 INFO org.springframework.boot.web.servlet.context.ServletWebServerApplicationContext [restartedMain] Root WebApplicationContext: initialization completed in 2347 ms
2023-03-25 16:38:43,255 INFO org.hibernate.jpa.internal.util.LogHelper [restartedMain] HHH000204: Processing PersistenceUnitInfo [name: default]
2023-03-25 16:38:43,343 INFO org.hibernate.Version [restartedMain] HHH000412: Hibernate ORM core version 5.6.14.Final
2023-03-25 16:38:43,601 INFO org.hibernate.annotations.common.reflection.java.JavaReflectionManager [restartedMain] HCANN000001: Hibernate Commons Annotations {5.1.2.Final}
2023-03-25 16:38:43,754 INFO com.zaxxer.hikari.HikariDataSource [restartedMain] HikariPool-1 - Starting...
2023-03-25 16:38:43,762 WARN com.zaxxer.hikari.util.DriverDataSource [restartedMain] Registered driver with driverClassName=com.mysql.jdbc.Driver was not found, trying direct instantiation.
2023-03-25 16:38:44,200 INFO com.zaxxer.hikari.HikariDataSource [restartedMain] HikariPool-1 - Start completed.
2023-03-25 16:38:44,247 INFO org.hibernate.dialect.Dialect [restartedMain] HHH000400: Using dialect: org.hibernate.dialect.MySQL8Dialect
2023-03-25 16:38:45,880 INFO org.hibernate.engine.transaction.jta.platform.internal.JtaPlatformInitiator [restartedMain] HHH000490: Using JtaPlatform implementation: [org.hibernate.engine.transaction.jta.platform.internal.NoJtaPlatform]
2023-03-25 16:38:45,897 INFO org.springframework.orm.jpa.AbstractEntityManagerFactoryBean [restartedMain] Initialized JPA EntityManagerFactory for persistence unit 'default'
2023-03-25 16:38:46,875 INFO org.springframework.beans.factory.annotation.AutowiredAnnotationBeanPostProcessor [restartedMain] Autowired annotation should only be used on methods with parameters: public java.util.List com.example.demo.serviceImpl.UserImpl.getAllUser()
2023-03-25 16:38:47,348 WARN org.springframework.boot.autoconfigure.orm.jpa.JpaBaseConfiguration$JpaWebConfiguration [restartedMain] spring.jpa.open-in-view is enabled by default. Therefore, database queries may be performed during view rendering. Explicitly configure spring.jpa.open-in-view to disable this warning
2023-03-25 16:38:47,391 INFO org.springframework.boot.autoconfigure.web.servlet.WelcomePageHandlerMapping [restartedMain] Adding welcome page: class path resource [static/index.html]
2023-03-25 16:38:48,179 INFO org.springframework.security.web.DefaultSecurityFilterChain [restartedMain] Will secure any request with [org.springframework.security.web.session.DisableEncodeUrlFilter@1018ee92, org.springframework.security.web.context.request.async.WebAsyncManagerIntegrationFilter@6ea46bfe, org.springframework.security.web.context.SecurityContextPersistenceFilter@22966cb1, org.springframework.security.web.header.HeaderWriterFilter@77817c5f, org.springframework.web.filter.CorsFilter@148cdb7a, org.springframework.security.web.authentication.logout.LogoutFilter@6652c585, com.example.demo.security.jwt.AuthTokenFilter@31ccc5c4, org.springframework.security.web.savedrequest.RequestCacheAwareFilter@73fc4ac1, org.springframework.security.web.servletapi.SecurityContextHolderAwareRequestFilter@179440d2, org.springframework.security.web.authentication.AnonymousAuthenticationFilter@f2be997, org.springframework.security.web.session.SessionManagementFilter@102345ba, org.springframework.security.web.access.ExceptionTranslationFilter@6d92915a, org.springframework.security.web.access.intercept.FilterSecurityInterceptor@66f05ba]
2023-03-25 16:38:48,538 INFO org.springframework.boot.devtools.autoconfigure.OptionalLiveReloadServer [restartedMain] LiveReload server is running on port 35729
2023-03-25 16:38:48,577 INFO org.apache.juli.logging.DirectJDKLog [restartedMain] Starting ProtocolHandler ["http-nio-8080"]
2023-03-25 16:38:48,614 INFO org.springframework.boot.web.embedded.tomcat.TomcatWebServer [restartedMain] Tomcat started on port(s): 8080 (http) with context path ''
2023-03-25 16:38:48,636 INFO org.springframework.boot.StartupInfoLogger [restartedMain] Started HospitalApplication in 8.708 seconds (JVM running for 9.888)
2023-03-25 16:40:06,332 INFO org.apache.juli.logging.DirectJDKLog [http-nio-8080-exec-1] Initializing Spring DispatcherServlet 'dispatcherServlet'
2023-03-25 16:40:06,333 INFO org.springframework.web.servlet.FrameworkServlet [http-nio-8080-exec-1] Initializing Servlet 'dispatcherServlet'
2023-03-25 16:40:06,335 INFO org.springframework.web.servlet.FrameworkServlet [http-nio-8080-exec-1] Completed initialization in 2 ms
2023-03-25 16:40:40,732 INFO com.example.demo.controller.SlotController [http-nio-8080-exec-6] Get slot by hospital id 
2023-03-25 16:40:43,793 INFO com.example.demo.controller.SlotController [http-nio-8080-exec-9] Get slot by hospital id 
2023-03-25 16:45:35,394 INFO com.example.demo.controller.SlotController [http-nio-8080-exec-10] Get slot by hospital id 
2023-03-25 16:45:53,693 INFO com.example.demo.controller.SlotController [http-nio-8080-exec-1] Get slot by hospital id 
2023-03-25 16:45:58,432 INFO com.example.demo.controller.SlotController [http-nio-8080-exec-5] Get slot by hospital id 
2023-03-25 16:55:47,693 INFO com.example.demo.controller.SlotController [http-nio-8080-exec-7] Get slot by hospital id 
2023-03-25 16:57:46,899 INFO com.example.demo.controller.SlotController [http-nio-8080-exec-10] Get slot by hospital id 
2023-03-25 16:57:57,487 INFO com.example.demo.controller.SlotController [http-nio-8080-exec-1] Get slot by hospital id 
2023-03-25 16:58:21,685 INFO com.example.demo.controller.SlotController [http-nio-8080-exec-3] Get slot by hospital id 
2023-03-25 16:59:15,358 INFO com.example.demo.controller.SlotController [http-nio-8080-exec-6] save slot api hospitalid=42, facility=
2023-03-25 17:42:33,344 INFO com.example.demo.controller.SlotController [http-nio-8080-exec-5] Get slot by hospital id 
2023-03-25 17:47:50,334 WARN org.springframework.web.servlet.handler.AbstractHandlerExceptionResolver [http-nio-8080-exec-10] Resolved [org.springframework.web.multipart.support.MissingServletRequestPartException: Required request part 'imagefile' is not present]
2023-03-25 18:26:03,473 INFO com.example.demo.controller.SlotController [http-nio-8080-exec-8] Get slot by hospital id 
2023-03-25 18:34:41,069 INFO org.springframework.boot.admin.SpringApplicationAdminMXBeanRegistrar$SpringApplicationAdmin [RMI TCP Connection(119)-127.0.0.1] Application shutdown requested.
2023-03-25 18:34:41,529 INFO org.apache.juli.logging.DirectJDKLog [RMI TCP Connection(119)-127.0.0.1] Pausing ProtocolHandler ["http-nio-8080"]
2023-03-25 18:34:41,537 INFO org.apache.juli.logging.DirectJDKLog [RMI TCP Connection(119)-127.0.0.1] Stopping service [Tomcat]
2023-03-25 18:34:41,567 INFO org.apache.juli.logging.DirectJDKLog [RMI TCP Connection(119)-127.0.0.1] Destroying Spring FrameworkServlet 'dispatcherServlet'
2023-03-25 18:34:41,660 WARN org.apache.juli.logging.DirectJDKLog [RMI TCP Connection(119)-127.0.0.1] The web application [ROOT] appears to have started a thread named [HikariPool-1 housekeeper] but has failed to stop it. This is very likely to create a memory leak. Stack trace of thread:
 java.base@17.0.4.1/jdk.internal.misc.Unsafe.park(Native Method)
 java.base@17.0.4.1/java.util.concurrent.locks.LockSupport.parkNanos(LockSupport.java:252)
 java.base@17.0.4.1/java.util.concurrent.locks.AbstractQueuedSynchronizer$ConditionObject.awaitNanos(AbstractQueuedSynchronizer.java:1672)
 java.base@17.0.4.1/java.util.concurrent.ScheduledThreadPoolExecutor$DelayedWorkQueue.take(ScheduledThreadPoolExecutor.java:1182)
 java.base@17.0.4.1/java.util.concurrent.ScheduledThreadPoolExecutor$DelayedWorkQueue.take(ScheduledThreadPoolExecutor.java:899)
 java.base@17.0.4.1/java.util.concurrent.ThreadPoolExecutor.getTask(ThreadPoolExecutor.java:1062)
 java.base@17.0.4.1/java.util.concurrent.ThreadPoolExecutor.runWorker(ThreadPoolExecutor.java:1122)
 java.base@17.0.4.1/java.util.concurrent.ThreadPoolExecutor$Worker.run(ThreadPoolExecutor.java:635)
 java.base@17.0.4.1/java.lang.Thread.run(Thread.java:833)
2023-03-25 18:34:41,677 INFO org.apache.juli.logging.DirectJDKLog [RMI TCP Connection(119)-127.0.0.1] Stopping ProtocolHandler ["http-nio-8080"]
2023-03-25 18:34:41,706 INFO org.apache.juli.logging.DirectJDKLog [RMI TCP Connection(119)-127.0.0.1] Destroying ProtocolHandler ["http-nio-8080"]
2023-03-25 18:34:42,018 INFO org.springframework.orm.jpa.AbstractEntityManagerFactoryBean [RMI TCP Connection(119)-127.0.0.1] Closing JPA EntityManagerFactory for persistence unit 'default'
2023-03-25 18:34:42,132 INFO com.zaxxer.hikari.HikariDataSource [RMI TCP Connection(119)-127.0.0.1] HikariPool-1 - Shutdown initiated...
2023-03-25 18:34:42,234 INFO com.zaxxer.hikari.HikariDataSource [RMI TCP Connection(119)-127.0.0.1] HikariPool-1 - Shutdown completed.
